Using pre-set license
Desktop is 1920 x 1080 @ 60 Hz

 COMMAND LINE ARGUMENTS:
Unity
-adb2
-batchMode
-noUpm
-name
AssetImportWorker0
-projectPath
/home/javiarias/Documentos/GitHub/Musilosophy_Legacy/Musilosophy_Legacy
-logFile
Logs/AssetImportWorker0.log
-srvPort
42337
Successfully changed project path to: /home/javiarias/Documentos/GitHub/Musilosophy_Legacy/Musilosophy_Legacy
/home/javiarias/Documentos/GitHub/Musilosophy_Legacy/Musilosophy_Legacy
Using Asset Import Pipeline V2.
Refreshing native plugins compatible for Editor in 38,69 ms, found 1 plugins.
Preloading 0 native plugins for Editor in 0,00 ms.
Initialize engine version: 2020.3.1f1 (77a89f25062f)
[Subsystems] Discovering subsystems at path /home/javiarias/Unity/Hub/Editor/2020.3.1f1/Editor/Data/Resources/UnitySubsystems
[Subsystems] Discovering subsystems at path /home/javiarias/Documentos/GitHub/Musilosophy_Legacy/Musilosophy_Legacy/Assets
No valid fbconfig found
GLX Extensions: GLX_ARB_get_proc_address GLX_ARB_multisample GLX_EXT_visual_info GLX_EXT_visual_rating GLX_EXT_import_context GLX_SGI_video_sync GLX_SGIX_fbconfig GLX_SGIX_pbuffer GLX_SGI_swap_control GLX_EXT_swap_control GLX_EXT_swap_control_tear GLX_EXT_buffer_age GLX_ARB_create_context GLX_ARB_create_context_profile GLX_NV_float_buffer GLX_ARB_fbconfig_float GLX_EXT_texture_from_pixmap GLX_EXT_framebuffer_sRGB GLX_NV_copy_image GLX_EXT_create_context_es_profile GLX_EXT_create_context_es2_profile GLX_ARB_create_context_no_error GLX_ARB_create_context_robustness GLX_NV_delay_before_swap GLX_EXT_stereo_tree GLX_ARB_context_flush_control GLX_NV_robustness_video_memory_purge GLX_NV_multigpu_context 
No valid fbconfig found
GLX Extensions: GLX_ARB_get_proc_address GLX_ARB_multisample GLX_EXT_visual_info GLX_EXT_visual_rating GLX_EXT_import_context GLX_SGI_video_sync GLX_SGIX_fbconfig GLX_SGIX_pbuffer GLX_SGI_swap_control GLX_EXT_swap_control GLX_EXT_swap_control_tear GLX_EXT_buffer_age GLX_ARB_create_context GLX_ARB_create_context_profile GLX_NV_float_buffer GLX_ARB_fbconfig_float GLX_EXT_texture_from_pixmap GLX_EXT_framebuffer_sRGB GLX_NV_copy_image GLX_EXT_create_context_es_profile GLX_EXT_create_context_es2_profile GLX_ARB_create_context_no_error GLX_ARB_create_context_robustness GLX_NV_delay_before_swap GLX_EXT_stereo_tree GLX_ARB_context_flush_control GLX_NV_robustness_video_memory_purge GLX_NV_multigpu_context 
GfxDevice: creating device client; threaded=0
[vulkan] LoadVulkanLibrary libvulkan.so.1[vulkan] Loaded instance function vkGetInstanceProcAddr
[vulkan] Loaded instance function vkGetInstanceProcAddr
[vulkan] Loaded instance function vkCreateInstance
[vulkan] Loaded instance function vkEnumerateInstanceExtensionProperties
[vulkan] Loaded instance function vkEnumerateInstanceLayerProperties
[vulkan] Loaded instance function vkEnumerateInstanceVersion
[Vulkan init] extensions: count=19
[Vulkan init] extensions: name=VK_KHR_device_group_creation, enabled=0
[Vulkan init] extensions: name=VK_KHR_display, enabled=1
[Vulkan init] extensions: name=VK_KHR_external_fence_capabilities, enabled=0
[Vulkan init] extensions: name=VK_KHR_external_memory_capabilities, enabled=0
[Vulkan init] extensions: name=VK_KHR_external_semaphore_capabilities, enabled=0
[Vulkan init] extensions: name=VK_KHR_get_display_properties2, enabled=0
[Vulkan init] extensions: name=VK_KHR_get_physical_device_properties2, enabled=1
[Vulkan init] extensions: name=VK_KHR_get_surface_capabilities2, enabled=0
[Vulkan init] extensions: name=VK_KHR_surface, enabled=1
[Vulkan init] extensions: name=VK_KHR_surface_protected_capabilities, enabled=0
[Vulkan init] extensions: name=VK_KHR_wayland_surface, enabled=0
[Vulkan init] extensions: name=VK_KHR_xcb_surface, enabled=0
[Vulkan init] extensions: name=VK_KHR_xlib_surface, enabled=1
[Vulkan init] extensions: name=VK_EXT_acquire_xlib_display, enabled=0
[Vulkan init] extensions: name=VK_EXT_debug_report, enabled=1
[Vulkan init] extensions: name=VK_EXT_debug_utils, enabled=0
[Vulkan init] extensions: name=VK_EXT_direct_mode_display, enabled=0
[Vulkan init] extensions: name=VK_EXT_display_surface_counter, enabled=0
[Vulkan init] extensions: name=VK_EXT_acquire_drm_display, enabled=0
[vulkan] Loaded instance function vkDestroyInstance
[vulkan] Loaded instance function vkGetPhysicalDeviceProperties
[vulkan] Loaded instance function vkEnumeratePhysicalDevices
Vulkan detection: 2
[Vulkan init] extensions: count=19
[Vulkan init] extensions: name=VK_KHR_device_group_creation, enabled=0
[Vulkan init] extensions: name=VK_KHR_display, enabled=1
[Vulkan init] extensions: name=VK_KHR_external_fence_capabilities, enabled=0
[Vulkan init] extensions: name=VK_KHR_external_memory_capabilities, enabled=0
[Vulkan init] extensions: name=VK_KHR_external_semaphore_capabilities, enabled=0
[Vulkan init] extensions: name=VK_KHR_get_display_properties2, enabled=0
[Vulkan init] extensions: name=VK_KHR_get_physical_device_properties2, enabled=1
[Vulkan init] extensions: name=VK_KHR_get_surface_capabilities2, enabled=0
[Vulkan init] extensions: name=VK_KHR_surface, enabled=1
[Vulkan init] extensions: name=VK_KHR_surface_protected_capabilities, enabled=0
[Vulkan init] extensions: name=VK_KHR_wayland_surface, enabled=0
[Vulkan init] extensions: name=VK_KHR_xcb_surface, enabled=0
[Vulkan init] extensions: name=VK_KHR_xlib_surface, enabled=1
[Vulkan init] extensions: name=VK_EXT_acquire_xlib_display, enabled=0
[Vulkan init] extensions: name=VK_EXT_debug_report, enabled=1
[Vulkan init] extensions: name=VK_EXT_debug_utils, enabled=0
[Vulkan init] extensions: name=VK_EXT_direct_mode_display, enabled=0
[Vulkan init] extensions: name=VK_EXT_display_surface_counter, enabled=0
[Vulkan init] extensions: name=VK_EXT_acquire_drm_display, enabled=0
[vulkan] Loaded instance function vkDestroyInstance
[vulkan] Loaded instance function vkGetPhysicalDeviceProperties
[vulkan] Loaded instance function vkEnumeratePhysicalDevices
[vulkan] Loaded instance function vkGetDeviceProcAddr
[vulkan] Loaded instance function vkGetPhysicalDeviceFeatures
[vulkan] Loaded instance function vkGetPhysicalDeviceFormatProperties
[vulkan] Loaded instance function vkGetPhysicalDeviceImageFormatProperties
[vulkan] Loaded instance function vkGetPhysicalDeviceQueueFamilyProperties
[vulkan] Loaded instance function vkGetPhysicalDeviceMemoryProperties
[vulkan] Loaded instance function vkCreateDevice
[vulkan] Loaded instance function vkEnumerateDeviceExtensionProperties
[vulkan] Loaded instance function vkEnumerateDeviceLayerProperties
[vulkan] Loaded instance function vkGetPhysicalDeviceSparseImageFormatProperties
[vulkan] Loaded instance function vkDestroySurfaceKHR
[vulkan] Loaded instance function vkGetPhysicalDeviceSurfaceSupportKHR
[vulkan] Loaded instance function vkGetPhysicalDeviceSurfaceCapabilitiesKHR
[vulkan] Loaded instance function vkGetPhysicalDeviceSurfaceFormatsKHR
[vulkan] Loaded instance function vkGetPhysicalDeviceSurfacePresentModesKHR
[vulkan] Loaded instance function vkCreateSwapchainKHR
[vulkan] Loaded instance function vkDestroySwapchainKHR
[vulkan] Loaded instance function vkGetSwapchainImagesKHR
[vulkan] Loaded instance function vkAcquireNextImageKHR
[vulkan] Loaded instance function vkQueuePresentKHR
[vulkan] Loaded instance function vkGetPhysicalDeviceDisplayPropertiesKHR
[vulkan] Loaded instance function vkGetPhysicalDeviceDisplayPlanePropertiesKHR
[vulkan] Loaded instance function vkGetDisplayPlaneSupportedDisplaysKHR
[vulkan] Loaded instance function vkGetDisplayModePropertiesKHR
[vulkan] Loaded instance function vkCreateDisplayModeKHR
[vulkan] Loaded instance function vkGetDisplayPlaneCapabilitiesKHR
[vulkan] Loaded instance function vkCreateDisplayPlaneSurfaceKHR
[vulkan] Loaded instance function vkCreateSharedSwapchainsKHR
[vulkan] Loaded instance function vkCreateXlibSurfaceKHR
[vulkan] Loaded instance function vkGetPhysicalDeviceXlibPresentationSupportKHR
[vulkan] Loaded instance function vkSetHdrMetadataEXT
[vulkan] Loaded instance function vkGetPhysicalDeviceFeatures2KHR
[vulkan] Loaded instance function vkGetPhysicalDeviceProperties2KHR
[vulkan] Loaded instance function vkGetPhysicalDeviceFormatProperties2KHR
[vulkan] Loaded instance function vkGetPhysicalDeviceImageFormatProperties2KHR
[vulkan] Loaded instance function vkGetPhysicalDeviceQueueFamilyProperties2KHR
[vulkan] Loaded instance function vkGetPhysicalDeviceMemoryProperties2KHR
[vulkan] Loaded instance function vkGetPhysicalDeviceSparseImageFormatProperties2KHR
[Vulkan init] SelectPhysicalDevice requestedDeviceIndex=-1 xrDevice=(nil)
[Vulkan init] Physical Device 0x563cee4aa760 [0]: "AMD RADV RENOIR" deviceType=1 vendorID=1002 deviceID=1636
[Vulkan init] Physical Device 0x563cee2a9880 [1]: "NVIDIA GeForce GTX 1650" deviceType=2 vendorID=10de deviceID=1f9d
[Vulkan init] Physical Device 0x563cee2a98b0 [2]: "llvmpipe (LLVM 13.0.1, 256 bits)" deviceType=4 vendorID=10005 deviceID=0
[Vulkan init] Selected physical device 0x563cee2a9880
[Vulkan init] Graphics queue count=1
[Vulkan init] extensions: count=132
[Vulkan init] extensions: name=VK_KHR_16bit_storage, enabled=0
[Vulkan init] extensions: name=VK_KHR_8bit_storage, enabled=0
[Vulkan init] extensions: name=VK_KHR_bind_memory2, enabled=0
[Vulkan init] extensions: name=VK_KHR_buffer_device_address, enabled=0
[Vulkan init] extensions: name=VK_KHR_copy_commands2, enabled=0
[Vulkan init] extensions: name=VK_KHR_create_renderpass2, enabled=1
[Vulkan init] extensions: name=VK_KHR_dedicated_allocation, enabled=1
[Vulkan init] extensions: name=VK_KHR_depth_stencil_resolve, enabled=1
[Vulkan init] extensions: name=VK_KHR_descriptor_update_template, enabled=1
[Vulkan init] extensions: name=VK_KHR_device_group, enabled=0
[Vulkan init] extensions: name=VK_KHR_draw_indirect_count, enabled=0
[Vulkan init] extensions: name=VK_KHR_driver_properties, enabled=0
[Vulkan init] extensions: name=VK_KHR_external_fence, enabled=0
[Vulkan init] extensions: name=VK_KHR_external_fence_fd, enabled=0
[Vulkan init] extensions: name=VK_KHR_external_memory, enabled=0
[Vulkan init] extensions: name=VK_KHR_external_memory_fd, enabled=0
[Vulkan init] extensions: name=VK_KHR_external_semaphore, enabled=0
[Vulkan init] extensions: name=VK_KHR_external_semaphore_fd, enabled=0
[Vulkan init] extensions: name=VK_KHR_fragment_shading_rate, enabled=0
[Vulkan init] extensions: name=VK_KHR_get_memory_requirements2, enabled=1
[Vulkan init] extensions: name=VK_KHR_image_format_list, enabled=1
[Vulkan init] extensions: name=VK_KHR_imageless_framebuffer, enabled=0
[Vulkan init] extensions: name=VK_KHR_maintenance1, enabled=1
[Vulkan init] extensions: name=VK_KHR_maintenance2, enabled=1
[Vulkan init] extensions: name=VK_KHR_maintenance3, enabled=0
[Vulkan init] extensions: name=VK_KHR_multiview, enabled=1
[Vulkan init] extensions: name=VK_KHR_pipeline_executable_properties, enabled=0
[Vulkan init] extensions: name=VK_KHR_push_descriptor, enabled=0
[Vulkan init] extensions: name=VK_KHR_relaxed_block_layout, enabled=0
[Vulkan init] extensions: name=VK_KHR_sampler_mirror_clamp_to_edge, enabled=1
[Vulkan init] extensions: name=VK_KHR_sampler_ycbcr_conversion, enabled=0
[Vulkan init] extensions: name=VK_KHR_separate_depth_stencil_layouts, enabled=0
[Vulkan init] extensions: name=VK_KHR_shader_atomic_int64, enabled=0
[Vulkan init] extensions: name=VK_KHR_shader_clock, enabled=0
[Vulkan init] extensions: name=VK_KHR_shader_draw_parameters, enabled=0
[Vulkan init] extensions: name=VK_KHR_shader_float16_int8, enabled=0
[Vulkan init] extensions: name=VK_KHR_shader_float_controls, enabled=0
[Vulkan init] extensions: name=VK_KHR_shader_non_semantic_info, enabled=0
[Vulkan init] extensions: name=VK_KHR_shader_subgroup_extended_types, enabled=0
[Vulkan init] extensions: name=VK_KHR_shader_terminate_invocation, enabled=0
[Vulkan init] extensions: name=VK_KHR_spirv_1_4, enabled=0
[Vulkan init] extensions: name=VK_KHR_storage_buffer_storage_class, enabled=0
[Vulkan init] extensions: name=VK_KHR_swapchain, enabled=1
[Vulkan init] extensions: name=VK_KHR_swapchain_mutable_format, enabled=0
[Vulkan init] extensions: name=VK_KHR_synchronization2, enabled=0
[Vulkan init] extensions: name=VK_KHR_timeline_semaphore, enabled=0
[Vulkan init] extensions: name=VK_KHR_uniform_buffer_standard_layout, enabled=0
[Vulkan init] extensions: name=VK_KHR_variable_pointers, enabled=0
[Vulkan init] extensions: name=VK_KHR_vulkan_memory_model, enabled=0
[Vulkan init] extensions: name=VK_KHR_workgroup_memory_explicit_layout, enabled=0
[Vulkan init] extensions: name=VK_KHR_zero_initialize_workgroup_memory, enabled=0
[Vulkan init] extensions: name=VK_EXT_4444_formats, enabled=0
[Vulkan init] extensions: name=VK_EXT_blend_operation_advanced, enabled=0
[Vulkan init] extensions: name=VK_EXT_buffer_device_address, enabled=0
[Vulkan init] extensions: name=VK_EXT_calibrated_timestamps, enabled=0
[Vulkan init] extensions: name=VK_EXT_color_write_enable, enabled=0
[Vulkan init] extensions: name=VK_EXT_conditional_rendering, enabled=0
[Vulkan init] extensions: name=VK_EXT_conservative_rasterization, enabled=1
[Vulkan init] extensions: name=VK_EXT_custom_border_color, enabled=0
[Vulkan init] extensions: name=VK_EXT_depth_clip_enable, enabled=0
[Vulkan init] extensions: name=VK_EXT_depth_range_unrestricted, enabled=0
[Vulkan init] extensions: name=VK_EXT_descriptor_indexing, enabled=0
[Vulkan init] extensions: name=VK_EXT_discard_rectangles, enabled=0
[Vulkan init] extensions: name=VK_EXT_display_control, enabled=0
[Vulkan init] extensions: name=VK_EXT_extended_dynamic_state, enabled=0
[Vulkan init] extensions: name=VK_EXT_extended_dynamic_state2, enabled=0
[Vulkan init] extensions: name=VK_EXT_external_memory_host, enabled=0
[Vulkan init] extensions: name=VK_EXT_fragment_shader_interlock, enabled=0
[Vulkan init] extensions: name=VK_EXT_global_priority, enabled=0
[Vulkan init] extensions: name=VK_EXT_global_priority_query, enabled=0
[Vulkan init] extensions: name=VK_EXT_host_query_reset, enabled=0
[Vulkan init] extensions: name=VK_EXT_image_robustness, enabled=0
[Vulkan init] extensions: name=VK_EXT_index_type_uint8, enabled=0
[Vulkan init] extensions: name=VK_EXT_inline_uniform_block, enabled=0
[Vulkan init] extensions: name=VK_EXT_line_rasterization, enabled=0
[Vulkan init] extensions: name=VK_EXT_memory_budget, enabled=0
[Vulkan init] extensions: name=VK_EXT_pci_bus_info, enabled=0
[Vulkan init] extensions: name=VK_EXT_physical_device_drm, enabled=0
[Vulkan init] extensions: name=VK_EXT_pipeline_creation_cache_control, enabled=0
[Vulkan init] extensions: name=VK_EXT_pipeline_creation_feedback, enabled=0
[Vulkan init] extensions: name=VK_EXT_post_depth_coverage, enabled=0
[Vulkan init] extensions: name=VK_EXT_private_data, enabled=0
[Vulkan init] extensions: name=VK_EXT_provoking_vertex, enabled=0
[Vulkan init] extensions: name=VK_EXT_queue_family_foreign, enabled=0
[Vulkan init] extensions: name=VK_EXT_robustness2, enabled=0
[Vulkan init] extensions: name=VK_EXT_sample_locations, enabled=0
[Vulkan init] extensions: name=VK_EXT_sampler_filter_minmax, enabled=0
[Vulkan init] extensions: name=VK_EXT_scalar_block_layout, enabled=0
[Vulkan init] extensions: name=VK_EXT_separate_stencil_usage, enabled=0
[Vulkan init] extensions: name=VK_EXT_shader_atomic_float, enabled=0
[Vulkan init] extensions: name=VK_EXT_shader_demote_to_helper_invocation, enabled=0
[Vulkan init] extensions: name=VK_EXT_shader_image_atomic_int64, enabled=0
[Vulkan init] extensions: name=VK_EXT_shader_subgroup_ballot, enabled=0
[Vulkan init] extensions: name=VK_EXT_shader_subgroup_vote, enabled=0
[Vulkan init] extensions: name=VK_EXT_shader_viewport_index_layer, enabled=1
[Vulkan init] extensions: name=VK_EXT_subgroup_size_control, enabled=0
[Vulkan init] extensions: name=VK_EXT_texel_buffer_alignment, enabled=0
[Vulkan init] extensions: name=VK_EXT_tooling_info, enabled=0
[Vulkan init] extensions: name=VK_EXT_transform_feedback, enabled=0
[Vulkan init] extensions: name=VK_EXT_vertex_attribute_divisor, enabled=0
[Vulkan init] extensions: name=VK_EXT_vertex_input_dynamic_state, enabled=0
[Vulkan init] extensions: name=VK_EXT_ycbcr_image_arrays, enabled=0
[Vulkan init] extensions: name=VK_NV_clip_space_w_scaling, enabled=0
[Vulkan init] extensions: name=VK_NV_compute_shader_derivatives, enabled=0
[Vulkan init] extensions: name=VK_NV_corner_sampled_image, enabled=0
[Vulkan init] extensions: name=VK_NV_coverage_reduction_mode, enabled=0
[Vulkan init] extensions: name=VK_NV_cuda_kernel_launch, enabled=0
[Vulkan init] extensions: name=VK_NV_dedicated_allocation, enabled=0
[Vulkan init] extensions: name=VK_NV_dedicated_allocation_image_aliasing, enabled=0
[Vulkan init] extensions: name=VK_NV_device_diagnostic_checkpoints, enabled=0
[Vulkan init] extensions: name=VK_NV_device_diagnostics_config, enabled=0
[Vulkan init] extensions: name=VK_NV_device_generated_commands, enabled=0
[Vulkan init] extensions: name=VK_NV_fill_rectangle, enabled=0
[Vulkan init] extensions: name=VK_NV_fragment_coverage_to_color, enabled=0
[Vulkan init] extensions: name=VK_NV_fragment_shader_barycentric, enabled=0
[Vulkan init] extensions: name=VK_NV_fragment_shading_rate_enums, enabled=0
[Vulkan init] extensions: name=VK_NV_framebuffer_mixed_samples, enabled=0
[Vulkan init] extensions: name=VK_NV_geometry_shader_passthrough, enabled=0
[Vulkan init] extensions: name=VK_NV_inherited_viewport_scissor, enabled=0
[Vulkan init] extensions: name=VK_NV_mesh_shader, enabled=0
[Vulkan init] extensions: name=VK_NV_representative_fragment_test, enabled=0
[Vulkan init] extensions: name=VK_NV_sample_mask_override_coverage, enabled=0
[Vulkan init] extensions: name=VK_NV_scissor_exclusive, enabled=0
[Vulkan init] extensions: name=VK_NV_shader_image_footprint, enabled=0
[Vulkan init] extensions: name=VK_NV_shader_sm_builtins, enabled=0
[Vulkan init] extensions: name=VK_NV_shader_subgroup_partitioned, enabled=0
[Vulkan init] extensions: name=VK_NV_shading_rate_image, enabled=0
[Vulkan init] extensions: name=VK_NV_viewport_array2, enabled=0
[Vulkan init] extensions: name=VK_NV_viewport_swizzle, enabled=0
[Vulkan init] extensions: name=VK_NVX_binary_import, enabled=0
[Vulkan init] extensions: name=VK_NVX_image_view_handle, enabled=0
[Vulkan init] extensions: name=VK_NVX_multiview_per_view_attributes, enabled=0
[vulkan] Loaded device function vkDestroyDevice
[vulkan] Loaded device function vkGetDeviceQueue
[vulkan] Loaded device function vkQueueSubmit
[vulkan] Loaded device function vkQueueWaitIdle
[vulkan] Loaded device function vkDeviceWaitIdle
[vulkan] Loaded device function vkAllocateMemory
[vulkan] Loaded device function vkFreeMemory
[vulkan] Loaded device function vkMapMemory
[vulkan] Loaded device function vkUnmapMemory
[vulkan] Loaded device function vkFlushMappedMemoryRanges
[vulkan] Loaded device function vkInvalidateMappedMemoryRanges
[vulkan] Loaded device function vkGetDeviceMemoryCommitment
[vulkan] Loaded device function vkBindBufferMemory
[vulkan] Loaded device function vkBindImageMemory
[vulkan] Loaded device function vkGetBufferMemoryRequirements
[vulkan] Loaded device function vkGetImageMemoryRequirements
[vulkan] Loaded device function vkGetImageSparseMemoryRequirements
[vulkan] Loaded device function vkQueueBindSparse
[vulkan] Loaded device function vkCreateFence
[vulkan] Loaded device function vkDestroyFence
[vulkan] Loaded device function vkResetFences
[vulkan] Loaded device function vkGetFenceStatus
[vulkan] Loaded device function vkWaitForFences
[vulkan] Loaded device function vkCreateSemaphore
[vulkan] Loaded device function vkDestroySemaphore
[vulkan] Loaded device function vkCreateEvent
[vulkan] Loaded device function vkDestroyEvent
[vulkan] Loaded device function vkGetEventStatus
[vulkan] Loaded device function vkSetEvent
[vulkan] Loaded device function vkResetEvent
[vulkan] Loaded device function vkCreateQueryPool
[vulkan] Loaded device function vkDestroyQueryPool
[vulkan] Loaded device function vkGetQueryPoolResults
[vulkan] Loaded device function vkCreateBuffer
[vulkan] Loaded device function vkDestroyBuffer
[vulkan] Loaded device function vkCreateBufferView
[vulkan] Loaded device function vkDestroyBufferView
[vulkan] Loaded device function vkCreateImage
[vulkan] Loaded device function vkDestroyImage
[vulkan] Loaded device function vkGetImageSubresourceLayout
[vulkan] Loaded device function vkCreateImageView
[vulkan] Loaded device function vkDestroyImageView
[vulkan] Loaded device function vkCreateShaderModule
[vulkan] Loaded device function vkDestroyShaderModule
[vulkan] Loaded device function vkCreatePipelineCache
[vulkan] Loaded device function vkDestroyPipelineCache
[vulkan] Loaded device function vkGetPipelineCacheData
[vulkan] Loaded device function vkMergePipelineCaches
[vulkan] Loaded device function vkCreateGraphicsPipelines
[vulkan] Loaded device function vkCreateComputePipelines
[vulkan] Loaded device function vkDestroyPipeline
[vulkan] Loaded device function vkCreatePipelineLayout
[vulkan] Loaded device function vkDestroyPipelineLayout
[vulkan] Loaded device function vkCreateSampler
[vulkan] Loaded device function vkDestroySampler
[vulkan] Loaded device function vkCreateDescriptorSetLayout
[vulkan] Loaded device function vkDestroyDescriptorSetLayout
[vulkan] Loaded device function vkCreateDescriptorPool
[vulkan] Loaded device function vkDestroyDescriptorPool
[vulkan] Loaded device function vkResetDescriptorPool
[vulkan] Loaded device function vkAllocateDescriptorSets
[vulkan] Loaded device function vkFreeDescriptorSets
[vulkan] Loaded device function vkUpdateDescriptorSets
[vulkan] Loaded device function vkCreateFramebuffer
[vulkan] Loaded device function vkDestroyFramebuffer
[vulkan] Loaded device function vkCreateRenderPass
[vulkan] Loaded device function vkDestroyRenderPass
[vulkan] Loaded device function vkGetRenderAreaGranularity
[vulkan] Loaded device function vkCreateCommandPool
[vulkan] Loaded device function vkDestroyCommandPool
[vulkan] Loaded device function vkResetCommandPool
[vulkan] Loaded device function vkAllocateCommandBuffers
[vulkan] Loaded device function vkFreeCommandBuffers
[vulkan] Loaded device function vkBeginCommandBuffer
[vulkan] Loaded device function vkEndCommandBuffer
[vulkan] Loaded device function vkResetCommandBuffer
[vulkan] Loaded device function vkCmdBindPipeline
[vulkan] Loaded device function vkCmdSetViewport
[vulkan] Loaded device function vkCmdSetScissor
[vulkan] Loaded device function vkCmdSetLineWidth
[vulkan] Loaded device function vkCmdSetDepthBias
[vulkan] Loaded device function vkCmdSetBlendConstants
[vulkan] Loaded device function vkCmdSetDepthBounds
[vulkan] Loaded device function vkCmdSetStencilCompareMask
[vulkan] Loaded device function vkCmdSetStencilWriteMask
[vulkan] Loaded device function vkCmdSetStencilReference
[vulkan] Loaded device function vkCmdBindDescriptorSets
[vulkan] Loaded device function vkCmdBindIndexBuffer
[vulkan] Loaded device function vkCmdBindVertexBuffers
[vulkan] Loaded device function vkCmdDraw
[vulkan] Loaded device function vkCmdDrawIndexed
[vulkan] Loaded device function vkCmdDrawIndirect
[vulkan] Loaded device function vkCmdDrawIndexedIndirect
[vulkan] Loaded device function vkCmdDispatch
[vulkan] Loaded device function vkCmdDispatchIndirect
[vulkan] Loaded device function vkCmdCopyBuffer
[vulkan] Loaded device function vkCmdCopyImage
[vulkan] Loaded device function vkCmdBlitImage
[vulkan] Loaded device function vkCmdCopyBufferToImage
[vulkan] Loaded device function vkCmdCopyImageToBuffer
[vulkan] Loaded device function vkCmdUpdateBuffer
[vulkan] Loaded device function vkCmdFillBuffer
[vulkan] Loaded device function vkCmdClearColorImage
[vulkan] Loaded device function vkCmdClearDepthStencilImage
[vulkan] Loaded device function vkCmdClearAttachments
[vulkan] Loaded device function vkCmdResolveImage
[vulkan] Loaded device function vkCmdSetEvent
[vulkan] Loaded device function vkCmdResetEvent
[vulkan] Loaded device function vkCmdWaitEvents
[vulkan] Loaded device function vkCmdPipelineBarrier
[vulkan] Loaded device function vkCmdBeginQuery
[vulkan] Loaded device function vkCmdEndQuery
[vulkan] Loaded device function vkCmdResetQueryPool
[vulkan] Loaded device function vkCmdWriteTimestamp
[vulkan] Loaded device function vkCmdCopyQueryPoolResults
[vulkan] Loaded device function vkCmdPushConstants
[vulkan] Loaded device function vkCmdBeginRenderPass
[vulkan] Loaded device function vkCmdNextSubpass
[vulkan] Loaded device function vkCmdEndRenderPass
[vulkan] Loaded device function vkCmdExecuteCommands
[vulkan] Loaded device function vkGetImageMemoryRequirements2KHR
[vulkan] Loaded device function vkGetBufferMemoryRequirements2KHR
[vulkan] Loaded device function vkGetImageSparseMemoryRequirements2KHR
[vulkan] Loaded device function vkCreateDescriptorUpdateTemplateKHR
[vulkan] Loaded device function vkDestroyDescriptorUpdateTemplateKHR
[vulkan] Loaded device function vkUpdateDescriptorSetWithTemplateKHR
[vulkan] Loaded device function vkCmdBeginRenderPass2KHR
[vulkan] Loaded device function vkCmdEndRenderPass2KHR
[vulkan] Loaded device function vkCmdNextSubpass2KHR
[vulkan] Loaded device function vkCreateRenderPass2KHR
[vulkan] Failed to load device function vkDebugMarkerSetObjectTagEXT
[vulkan] Loaded instance function vkDebugMarkerSetObjectTagEXT
[vulkan] Failed to load device function vkDebugMarkerSetObjectNameEXT
[vulkan] Loaded instance function vkDebugMarkerSetObjectNameEXT
[vulkan] Failed to load device function vkCmdDebugMarkerBeginEXT
[vulkan] Loaded instance function vkCmdDebugMarkerBeginEXT
[vulkan] Failed to load device function vkCmdDebugMarkerEndEXT
[vulkan] Loaded instance function vkCmdDebugMarkerEndEXT
[vulkan] Failed to load device function vkCmdDebugMarkerInsertEXT
[vulkan] Loaded instance function vkCmdDebugMarkerInsertEXT
Vulkan API version 1.1.0 (1.2.175 supported by driver, 1.1.0 requested)
Vulkan vendor=[NVIDIA] id=[10de]
Vulkan renderer=[NVIDIA GeForce GTX 1650] id=[1f9d]
Vulkan device type 2
Vulkan driverversion=[0x75a340c0] uint=[1973633216]
Vulkan PSO: cache data not found [path=/tmp/DefaultCompany/Musilosophy_Legacy/vulkan_pso_cache.bin]
Initialize mono
Mono path[0] = '/home/javiarias/Unity/Hub/Editor/2020.3.1f1/Editor/Data/Managed'
Mono path[1] = '/home/javiarias/Unity/Hub/Editor/2020.3.1f1/Editor/Data/MonoBleedingEdge/lib/mono/unityjit'
Mono config path = '/home/javiarias/Unity/Hub/Editor/2020.3.1f1/Editor/Data/MonoBleedingEdge/etc'
Using monoOptions --debugger-agent=transport=dt_socket,embedding=1,server=y,suspend=n,address=127.0.0.1:56016
Begin MonoManager ReloadAssembly
Registering precompiled unity dll's ...
Register platform support module: /home/javiarias/Unity/Hub/Editor/2020.3.1f1/Editor/Data/PlaybackEngines/WebGLSupport/UnityEditor.WebGL.Extensions.dll
Register platform support module: /home/javiarias/Unity/Hub/Editor/2020.3.1f1/Editor/Data/PlaybackEngines/WindowsStandaloneSupport/UnityEditor.WindowsStandalone.Extensions.dll
Register platform support module: /home/javiarias/Unity/Hub/Editor/2020.3.1f1/Editor/Data/PlaybackEngines/LinuxStandaloneSupport/UnityEditor.LinuxStandalone.Extensions.dll
Registered in 0,001271 seconds.
Native extension for LinuxStandalone target not found
Native extension for WindowsStandalone target not found
Native extension for WebGL target not found
Refreshing native plugins compatible for Editor in 29,47 ms, found 1 plugins.
Preloading 0 native plugins for Editor in 0,00 ms.
Invoked RoslynAnalysisRunner static constructor.
RoslynAnalysisRunner will not be running.
RoslynAnalysisRunner has terminated.
Mono: successfully reloaded assembly
- Completed reload, in  1,079 seconds
Platform modules already initialized, skipping
Registering precompiled user dll's ...
Registered in 0,000625 seconds.
Begin MonoManager ReloadAssembly
Native extension for LinuxStandalone target not found
Native extension for WindowsStandalone target not found
Native extension for WebGL target not found
Refreshing native plugins compatible for Editor in 29,42 ms, found 1 plugins.
Preloading 0 native plugins for Editor in 0,00 ms.
Invoked RoslynAnalysisRunner static constructor.
RoslynAnalysisRunner will not be running.
RoslynAnalysisRunner has terminated.
Mono: successfully reloaded assembly
- Completed reload, in  0,920 seconds
Platform modules already initialized, skipping
========================================================================
Worker process is ready to serve import requests
Launched and connected shader compiler UnityShaderCompiler after 0.01 seconds
Refreshing native plugins compatible for Editor in 0,33 ms, found 1 plugins.
Preloading 0 native plugins for Editor in 0,00 ms.
Unloading 1808 Unused Serialized files (Serialized files now loaded: 0)
System memory in use before: 96,8 MB.
System memory in use after: 96,8 MB.

Unloading 24 unused Assets to reduce memory usage. Loaded Objects now: 2261.
Total: 3,031670 ms (FindLiveObjects: 0,308489 ms CreateObjectMapping: 0,078222 ms MarkObjects: 2,432153 ms  DeleteObjects: 0,204634 ms)

========================================================================
Received Import Request.
  path: Assets/endorphins_phantom_beat.mp3
  artifactKey: Guid(bc3d52894a60a676b958467257b3d50a) Importer(815301076,1909f56bfc062723c751e8b465ee728b)
Start importing Assets/endorphins_phantom_beat.mp3 using Guid(bc3d52894a60a676b958467257b3d50a) Importer(815301076,1909f56bfc062723c751e8b465ee728b)  -> (artifact id: 'd1786a46f7822718c7992ae7082576d4') in 0,087395 seconds
  Import took 0,090703 seconds .

========================================================================
Received Import Request.
  Time since last request: 0,003493 seconds.
  path: Assets/endorphins_phantom_beat.mp3
  artifactKey: Guid(bc3d52894a60a676b958467257b3d50a) Importer(815301076,1909f56bfc062723c751e8b465ee728b)
Start importing Assets/endorphins_phantom_beat.mp3 using Guid(bc3d52894a60a676b958467257b3d50a) Importer(815301076,1909f56bfc062723c751e8b465ee728b)  -> (artifact id: 'd1786a46f7822718c7992ae7082576d4') in 0,004099 seconds
  Import took 0,006899 seconds .

========================================================================
Received Prepare
Registering precompiled user dll's ...
Registered in 0,000616 seconds.
Begin MonoManager ReloadAssembly
Native extension for LinuxStandalone target not found
Native extension for WindowsStandalone target not found
Native extension for WebGL target not found
Refreshing native plugins compatible for Editor in 0,32 ms, found 1 plugins.
Preloading 0 native plugins for Editor in 0,00 ms.
Invoked RoslynAnalysisRunner static constructor.
RoslynAnalysisRunner will not be running.
RoslynAnalysisRunner has terminated.
Mono: successfully reloaded assembly
- Completed reload, in  0,845 seconds
Platform modules already initialized, skipping
Refreshing native plugins compatible for Editor in 0,31 ms, found 1 plugins.
Preloading 0 native plugins for Editor in 0,00 ms.
Unloading 1803 Unused Serialized files (Serialized files now loaded: 0)
System memory in use before: 98,3 MB.
System memory in use after: 98,4 MB.

Unloading 12 unused Assets to reduce memory usage. Loaded Objects now: 2274.
Total: 2,305042 ms (FindLiveObjects: 0,191155 ms CreateObjectMapping: 0,051403 ms MarkObjects: 1,958629 ms  DeleteObjects: 0,096241 ms)

========================================================================
Received Import Request.
  Time since last request: 71,609346 seconds.
  path: Assets/Scripts/PointSpawner.cs
  artifactKey: Guid(54d820bab13a3f083a099b79b92fe1f9) Importer(815301076,1909f56bfc062723c751e8b465ee728b)
Start importing Assets/Scripts/PointSpawner.cs using Guid(54d820bab13a3f083a099b79b92fe1f9) Importer(815301076,1909f56bfc062723c751e8b465ee728b)  -> (artifact id: 'bd49685cbdc3b2b8c55b879606319b86') in 0,003451 seconds
  Import took 0,006580 seconds .

========================================================================
Received Import Request.
  Time since last request: 0,003970 seconds.
  path: Assets/Scripts/PointSpawner.cs
  artifactKey: Guid(54d820bab13a3f083a099b79b92fe1f9) Importer(815301076,1909f56bfc062723c751e8b465ee728b)
Start importing Assets/Scripts/PointSpawner.cs using Guid(54d820bab13a3f083a099b79b92fe1f9) Importer(815301076,1909f56bfc062723c751e8b465ee728b)  -> (artifact id: 'bd49685cbdc3b2b8c55b879606319b86') in 0,000600 seconds
  Import took 0,003497 seconds .

========================================================================
Received Prepare
Registering precompiled user dll's ...
Registered in 0,000723 seconds.
Begin MonoManager ReloadAssembly
Native extension for LinuxStandalone target not found
Native extension for WindowsStandalone target not found
Native extension for WebGL target not found
Refreshing native plugins compatible for Editor in 0,34 ms, found 1 plugins.
Preloading 0 native plugins for Editor in 0,00 ms.
Invoked RoslynAnalysisRunner static constructor.
RoslynAnalysisRunner will not be running.
RoslynAnalysisRunner has terminated.
Mono: successfully reloaded assembly
- Completed reload, in  0,841 seconds
Platform modules already initialized, skipping
Refreshing native plugins compatible for Editor in 0,32 ms, found 1 plugins.
Preloading 0 native plugins for Editor in 0,00 ms.
Unloading 1803 Unused Serialized files (Serialized files now loaded: 0)
System memory in use before: 98,4 MB.
System memory in use after: 98,4 MB.

Unloading 12 unused Assets to reduce memory usage. Loaded Objects now: 2278.
Total: 2,721435 ms (FindLiveObjects: 0,188432 ms CreateObjectMapping: 0,036806 ms MarkObjects: 2,383473 ms  DeleteObjects: 0,105111 ms)

========================================================================
Received Prepare
Registering precompiled user dll's ...
Registered in 0,000640 seconds.
Begin MonoManager ReloadAssembly
Native extension for LinuxStandalone target not found
Native extension for WindowsStandalone target not found
Native extension for WebGL target not found
Refreshing native plugins compatible for Editor in 0,33 ms, found 1 plugins.
Preloading 0 native plugins for Editor in 0,00 ms.
Invoked RoslynAnalysisRunner static constructor.
RoslynAnalysisRunner will not be running.
RoslynAnalysisRunner has terminated.
Mono: successfully reloaded assembly
- Completed reload, in  0,837 seconds
Platform modules already initialized, skipping
Refreshing native plugins compatible for Editor in 0,38 ms, found 1 plugins.
Preloading 0 native plugins for Editor in 0,00 ms.
Unloading 1804 Unused Serialized files (Serialized files now loaded: 0)
System memory in use before: 98,4 MB.
System memory in use after: 98,5 MB.

Unloading 12 unused Assets to reduce memory usage. Loaded Objects now: 2283.
Total: 2,712915 ms (FindLiveObjects: 0,209315 ms CreateObjectMapping: 0,063346 ms MarkObjects: 2,322362 ms  DeleteObjects: 0,110210 ms)

========================================================================
Received Prepare
Registering precompiled user dll's ...
Registered in 0,000646 seconds.
Begin MonoManager ReloadAssembly
Native extension for LinuxStandalone target not found
Native extension for WindowsStandalone target not found
Native extension for WebGL target not found
Refreshing native plugins compatible for Editor in 0,32 ms, found 1 plugins.
Preloading 0 native plugins for Editor in 0,00 ms.
Invoked RoslynAnalysisRunner static constructor.
RoslynAnalysisRunner will not be running.
RoslynAnalysisRunner has terminated.
Mono: successfully reloaded assembly
- Completed reload, in  0,874 seconds
Platform modules already initialized, skipping
Refreshing native plugins compatible for Editor in 0,32 ms, found 1 plugins.
Preloading 0 native plugins for Editor in 0,00 ms.
Unloading 1804 Unused Serialized files (Serialized files now loaded: 0)
System memory in use before: 98,4 MB.
System memory in use after: 98,5 MB.

Unloading 12 unused Assets to reduce memory usage. Loaded Objects now: 2287.
Total: 2,498013 ms (FindLiveObjects: 0,212178 ms CreateObjectMapping: 0,052381 ms MarkObjects: 2,111022 ms  DeleteObjects: 0,115657 ms)

========================================================================
Received Prepare
Registering precompiled user dll's ...
Registered in 0,000644 seconds.
Begin MonoManager ReloadAssembly
Native extension for LinuxStandalone target not found
Native extension for WindowsStandalone target not found
Native extension for WebGL target not found
Refreshing native plugins compatible for Editor in 0,32 ms, found 1 plugins.
Preloading 0 native plugins for Editor in 0,00 ms.
Invoked RoslynAnalysisRunner static constructor.
RoslynAnalysisRunner will not be running.
RoslynAnalysisRunner has terminated.
Mono: successfully reloaded assembly
- Completed reload, in  0,841 seconds
Platform modules already initialized, skipping
Refreshing native plugins compatible for Editor in 0,37 ms, found 1 plugins.
Preloading 0 native plugins for Editor in 0,00 ms.
Unloading 1804 Unused Serialized files (Serialized files now loaded: 0)
System memory in use before: 98,5 MB.
System memory in use after: 98,5 MB.

Unloading 12 unused Assets to reduce memory usage. Loaded Objects now: 2291.
Total: 2,721924 ms (FindLiveObjects: 0,296616 ms CreateObjectMapping: 0,057759 ms MarkObjects: 2,250076 ms  DeleteObjects: 0,109860 ms)

========================================================================
Received Prepare
Registering precompiled user dll's ...
Registered in 0,000640 seconds.
Begin MonoManager ReloadAssembly
Native extension for LinuxStandalone target not found
Native extension for WindowsStandalone target not found
Native extension for WebGL target not found
Refreshing native plugins compatible for Editor in 0,34 ms, found 1 plugins.
Preloading 0 native plugins for Editor in 0,00 ms.
Invoked RoslynAnalysisRunner static constructor.
RoslynAnalysisRunner will not be running.
RoslynAnalysisRunner has terminated.
Mono: successfully reloaded assembly
- Completed reload, in  0,852 seconds
Platform modules already initialized, skipping
Refreshing native plugins compatible for Editor in 0,32 ms, found 1 plugins.
Preloading 0 native plugins for Editor in 0,00 ms.
Unloading 1804 Unused Serialized files (Serialized files now loaded: 0)
System memory in use before: 98,5 MB.
System memory in use after: 98,5 MB.

Unloading 12 unused Assets to reduce memory usage. Loaded Objects now: 2295.
Total: 2,772210 ms (FindLiveObjects: 0,217555 ms CreateObjectMapping: 0,052381 ms MarkObjects: 2,385010 ms  DeleteObjects: 0,111118 ms)

========================================================================
Received Prepare
Registering precompiled user dll's ...
Registered in 0,000638 seconds.
Begin MonoManager ReloadAssembly
Native extension for LinuxStandalone target not found
Native extension for WindowsStandalone target not found
Native extension for WebGL target not found
Refreshing native plugins compatible for Editor in 0,32 ms, found 1 plugins.
Preloading 0 native plugins for Editor in 0,00 ms.
Invoked RoslynAnalysisRunner static constructor.
RoslynAnalysisRunner will not be running.
RoslynAnalysisRunner has terminated.
Mono: successfully reloaded assembly
- Completed reload, in  0,851 seconds
Platform modules already initialized, skipping
Refreshing native plugins compatible for Editor in 0,46 ms, found 1 plugins.
Preloading 0 native plugins for Editor in 0,00 ms.
Unloading 1804 Unused Serialized files (Serialized files now loaded: 0)
System memory in use before: 98,5 MB.
System memory in use after: 98,5 MB.

Unloading 12 unused Assets to reduce memory usage. Loaded Objects now: 2299.
Total: 2,809645 ms (FindLiveObjects: 0,229638 ms CreateObjectMapping: 0,036596 ms MarkObjects: 2,391226 ms  DeleteObjects: 0,144990 ms)

========================================================================
Received Prepare
Registering precompiled user dll's ...
Registered in 0,000662 seconds.
Begin MonoManager ReloadAssembly
Native extension for LinuxStandalone target not found
Native extension for WindowsStandalone target not found
Native extension for WebGL target not found
Refreshing native plugins compatible for Editor in 0,32 ms, found 1 plugins.
Preloading 0 native plugins for Editor in 0,00 ms.
Invoked RoslynAnalysisRunner static constructor.
RoslynAnalysisRunner will not be running.
RoslynAnalysisRunner has terminated.
Mono: successfully reloaded assembly
- Completed reload, in  0,891 seconds
Platform modules already initialized, skipping
Refreshing native plugins compatible for Editor in 0,35 ms, found 1 plugins.
Preloading 0 native plugins for Editor in 0,00 ms.
Unloading 1804 Unused Serialized files (Serialized files now loaded: 0)
System memory in use before: 98,5 MB.
System memory in use after: 98,5 MB.

Unloading 12 unused Assets to reduce memory usage. Loaded Objects now: 2303.
Total: 3,148096 ms (FindLiveObjects: 0,373022 ms CreateObjectMapping: 0,088000 ms MarkObjects: 2,476362 ms  DeleteObjects: 0,202609 ms)

========================================================================
Received Import Request.
  Time since last request: 1888,910000 seconds.
  path: Assets/shoot.wav
  artifactKey: Guid(9cb91873844f1aecc8e3c9f47dec2166) Importer(815301076,1909f56bfc062723c751e8b465ee728b)
Start importing Assets/shoot.wav using Guid(9cb91873844f1aecc8e3c9f47dec2166) Importer(815301076,1909f56bfc062723c751e8b465ee728b)  -> (artifact id: '830d861aaa2bd5800bd26631b5e5d7dc') in 0,061319 seconds
  Import took 0,064738 seconds .

========================================================================
Received Import Request.
  Time since last request: 0,006827 seconds.
  path: Assets/shoot.wav
  artifactKey: Guid(9cb91873844f1aecc8e3c9f47dec2166) Importer(815301076,1909f56bfc062723c751e8b465ee728b)
Start importing Assets/shoot.wav using Guid(9cb91873844f1aecc8e3c9f47dec2166) Importer(815301076,1909f56bfc062723c751e8b465ee728b)  -> (artifact id: '830d861aaa2bd5800bd26631b5e5d7dc') in 0,007332 seconds
  Import took 0,010332 seconds .

========================================================================
Received Prepare
Registering precompiled user dll's ...
Registered in 0,000631 seconds.
Begin MonoManager ReloadAssembly
Native extension for LinuxStandalone target not found
Native extension for WindowsStandalone target not found
Native extension for WebGL target not found
Refreshing native plugins compatible for Editor in 0,36 ms, found 1 plugins.
Preloading 0 native plugins for Editor in 0,00 ms.
Invoked RoslynAnalysisRunner static constructor.
RoslynAnalysisRunner will not be running.
RoslynAnalysisRunner has terminated.
Mono: successfully reloaded assembly
- Completed reload, in  0,887 seconds
Platform modules already initialized, skipping
Refreshing native plugins compatible for Editor in 0,34 ms, found 1 plugins.
Preloading 0 native plugins for Editor in 0,00 ms.
Unloading 1804 Unused Serialized files (Serialized files now loaded: 0)
System memory in use before: 98,5 MB.
System memory in use after: 98,6 MB.

Unloading 12 unused Assets to reduce memory usage. Loaded Objects now: 2308.
Total: 3,115550 ms (FindLiveObjects: 0,204216 ms CreateObjectMapping: 0,060064 ms MarkObjects: 2,729746 ms  DeleteObjects: 0,113422 ms)

========================================================================
Received Prepare
Registering precompiled user dll's ...
Registered in 0,000631 seconds.
Begin MonoManager ReloadAssembly
Native extension for LinuxStandalone target not found
Native extension for WindowsStandalone target not found
Native extension for WebGL target not found
Refreshing native plugins compatible for Editor in 0,34 ms, found 1 plugins.
Preloading 0 native plugins for Editor in 0,00 ms.
Invoked RoslynAnalysisRunner static constructor.
RoslynAnalysisRunner will not be running.
RoslynAnalysisRunner has terminated.
Mono: successfully reloaded assembly
- Completed reload, in  0,905 seconds
Platform modules already initialized, skipping
Refreshing native plugins compatible for Editor in 0,49 ms, found 1 plugins.
Preloading 0 native plugins for Editor in 0,00 ms.
Unloading 1804 Unused Serialized files (Serialized files now loaded: 0)
System memory in use before: 98,5 MB.
System memory in use after: 98,6 MB.

Unloading 12 unused Assets to reduce memory usage. Loaded Objects now: 2312.
Total: 2,516870 ms (FindLiveObjects: 0,201911 ms CreateObjectMapping: 0,037714 ms MarkObjects: 2,157746 ms  DeleteObjects: 0,112863 ms)

========================================================================
Received Prepare
Registering precompiled user dll's ...
Registered in 0,000620 seconds.
Begin MonoManager ReloadAssembly
Native extension for LinuxStandalone target not found
Native extension for WindowsStandalone target not found
Native extension for WebGL target not found
Refreshing native plugins compatible for Editor in 0,34 ms, found 1 plugins.
Preloading 0 native plugins for Editor in 0,00 ms.
Invoked RoslynAnalysisRunner static constructor.
RoslynAnalysisRunner will not be running.
RoslynAnalysisRunner has terminated.
Mono: successfully reloaded assembly
- Completed reload, in  0,854 seconds
Platform modules already initialized, skipping
Refreshing native plugins compatible for Editor in 0,33 ms, found 1 plugins.
Preloading 0 native plugins for Editor in 0,00 ms.
Unloading 1804 Unused Serialized files (Serialized files now loaded: 0)
System memory in use before: 98,5 MB.
System memory in use after: 98,6 MB.

Unloading 12 unused Assets to reduce memory usage. Loaded Objects now: 2316.
Total: 2,887657 ms (FindLiveObjects: 0,358844 ms CreateObjectMapping: 0,063765 ms MarkObjects: 2,342966 ms  DeleteObjects: 0,113981 ms)

========================================================================
Received Prepare
Registering precompiled user dll's ...
Registered in 0,000599 seconds.
Begin MonoManager ReloadAssembly
Native extension for LinuxStandalone target not found
Native extension for WindowsStandalone target not found
Native extension for WebGL target not found
Refreshing native plugins compatible for Editor in 0,36 ms, found 1 plugins.
Preloading 0 native plugins for Editor in 0,00 ms.
Invoked RoslynAnalysisRunner static constructor.
RoslynAnalysisRunner will not be running.
RoslynAnalysisRunner has terminated.
Mono: successfully reloaded assembly
- Completed reload, in  0,863 seconds
Platform modules already initialized, skipping
Refreshing native plugins compatible for Editor in 0,32 ms, found 1 plugins.
Preloading 0 native plugins for Editor in 0,00 ms.
Unloading 1804 Unused Serialized files (Serialized files now loaded: 0)
System memory in use before: 98,5 MB.
System memory in use after: 98,6 MB.

Unloading 12 unused Assets to reduce memory usage. Loaded Objects now: 2320.
Total: 2,463791 ms (FindLiveObjects: 0,235924 ms CreateObjectMapping: 0,053359 ms MarkObjects: 2,051518 ms  DeleteObjects: 0,114889 ms)

========================================================================
Received Prepare
Registering precompiled user dll's ...
Registered in 0,000620 seconds.
Begin MonoManager ReloadAssembly
Native extension for LinuxStandalone target not found
Native extension for WindowsStandalone target not found
Native extension for WebGL target not found
Refreshing native plugins compatible for Editor in 0,33 ms, found 1 plugins.
Preloading 0 native plugins for Editor in 0,00 ms.
Invoked RoslynAnalysisRunner static constructor.
RoslynAnalysisRunner will not be running.
RoslynAnalysisRunner has terminated.
Mono: successfully reloaded assembly
- Completed reload, in  0,853 seconds
Platform modules already initialized, skipping
Refreshing native plugins compatible for Editor in 0,32 ms, found 1 plugins.
Preloading 0 native plugins for Editor in 0,00 ms.
Unloading 1804 Unused Serialized files (Serialized files now loaded: 0)
System memory in use before: 98,5 MB.
System memory in use after: 98,6 MB.

Unloading 12 unused Assets to reduce memory usage. Loaded Objects now: 2324.
Total: 2,577702 ms (FindLiveObjects: 0,205753 ms CreateObjectMapping: 0,039042 ms MarkObjects: 2,209987 ms  DeleteObjects: 0,116914 ms)

========================================================================
Received Prepare
Registering precompiled user dll's ...
Registered in 0,000639 seconds.
Begin MonoManager ReloadAssembly
Native extension for LinuxStandalone target not found
Native extension for WindowsStandalone target not found
Native extension for WebGL target not found
Refreshing native plugins compatible for Editor in 0,34 ms, found 1 plugins.
Preloading 0 native plugins for Editor in 0,00 ms.
Invoked RoslynAnalysisRunner static constructor.
RoslynAnalysisRunner will not be running.
RoslynAnalysisRunner has terminated.
Mono: successfully reloaded assembly
- Completed reload, in  0,843 seconds
Platform modules already initialized, skipping
Refreshing native plugins compatible for Editor in 0,31 ms, found 1 plugins.
Preloading 0 native plugins for Editor in 0,00 ms.
Unloading 1804 Unused Serialized files (Serialized files now loaded: 0)
System memory in use before: 98,6 MB.
System memory in use after: 98,6 MB.

Unloading 12 unused Assets to reduce memory usage. Loaded Objects now: 2328.
Total: 2,779823 ms (FindLiveObjects: 0,225657 ms CreateObjectMapping: 0,051822 ms MarkObjects: 2,358610 ms  DeleteObjects: 0,121594 ms)

========================================================================
Received Prepare
Registering precompiled user dll's ...
Registered in 0,000649 seconds.
Begin MonoManager ReloadAssembly
Native extension for LinuxStandalone target not found
Native extension for WindowsStandalone target not found
Native extension for WebGL target not found
Refreshing native plugins compatible for Editor in 0,36 ms, found 1 plugins.
Preloading 0 native plugins for Editor in 0,00 ms.
Invoked RoslynAnalysisRunner static constructor.
RoslynAnalysisRunner will not be running.
RoslynAnalysisRunner has terminated.
Mono: successfully reloaded assembly
- Completed reload, in  0,865 seconds
Platform modules already initialized, skipping
Refreshing native plugins compatible for Editor in 0,34 ms, found 1 plugins.
Preloading 0 native plugins for Editor in 0,00 ms.
Unloading 1804 Unused Serialized files (Serialized files now loaded: 0)
System memory in use before: 98,6 MB.
System memory in use after: 98,6 MB.

Unloading 12 unused Assets to reduce memory usage. Loaded Objects now: 2332.
Total: 2,982991 ms (FindLiveObjects: 0,369181 ms CreateObjectMapping: 0,047562 ms MarkObjects: 2,438927 ms  DeleteObjects: 0,119219 ms)

========================================================================
Received Prepare
Registering precompiled user dll's ...
Registered in 0,000657 seconds.
Begin MonoManager ReloadAssembly
Native extension for LinuxStandalone target not found
Native extension for WindowsStandalone target not found
Native extension for WebGL target not found
Refreshing native plugins compatible for Editor in 0,38 ms, found 1 plugins.
Preloading 0 native plugins for Editor in 0,00 ms.
Invoked RoslynAnalysisRunner static constructor.
RoslynAnalysisRunner will not be running.
RoslynAnalysisRunner has terminated.
Mono: successfully reloaded assembly
- Completed reload, in  0,891 seconds
Platform modules already initialized, skipping
Refreshing native plugins compatible for Editor in 0,33 ms, found 1 plugins.
Preloading 0 native plugins for Editor in 0,00 ms.
Unloading 1804 Unused Serialized files (Serialized files now loaded: 0)
System memory in use before: 98,6 MB.
System memory in use after: 98,6 MB.

Unloading 12 unused Assets to reduce memory usage. Loaded Objects now: 2336.
Total: 2,584546 ms (FindLiveObjects: 0,197930 ms CreateObjectMapping: 0,037086 ms MarkObjects: 2,174928 ms  DeleteObjects: 0,166851 ms)

========================================================================
Received Import Request.
  Time since last request: 3616,823408 seconds.
  path: Assets/beatstoplay.txt
  artifactKey: Guid(705a675888ecf5132874d0e55371aab6) Importer(815301076,1909f56bfc062723c751e8b465ee728b)
Start importing Assets/beatstoplay.txt using Guid(705a675888ecf5132874d0e55371aab6) Importer(815301076,1909f56bfc062723c751e8b465ee728b)  -> (artifact id: '4889ce48cd22af6e6d77461182e958ea') in 0,011301 seconds
  Import took 0,014291 seconds .

========================================================================
Received Prepare
Registering precompiled user dll's ...
Registered in 0,000741 seconds.
Begin MonoManager ReloadAssembly
Native extension for LinuxStandalone target not found
Native extension for WindowsStandalone target not found
Native extension for WebGL target not found
Refreshing native plugins compatible for Editor in 0,34 ms, found 1 plugins.
Preloading 0 native plugins for Editor in 0,00 ms.
Invoked RoslynAnalysisRunner static constructor.
RoslynAnalysisRunner will not be running.
RoslynAnalysisRunner has terminated.
Mono: successfully reloaded assembly
- Completed reload, in  0,864 seconds
Platform modules already initialized, skipping
Refreshing native plugins compatible for Editor in 0,33 ms, found 1 plugins.
Preloading 0 native plugins for Editor in 0,00 ms.
Unloading 1804 Unused Serialized files (Serialized files now loaded: 0)
System memory in use before: 98,6 MB.
System memory in use after: 98,6 MB.

Unloading 12 unused Assets to reduce memory usage. Loaded Objects now: 2340.
Total: 2,609549 ms (FindLiveObjects: 0,235156 ms CreateObjectMapping: 0,051054 ms MarkObjects: 2,197277 ms  DeleteObjects: 0,118381 ms)

========================================================================
Received Prepare
Registering precompiled user dll's ...
Registered in 0,000636 seconds.
Begin MonoManager ReloadAssembly
Native extension for LinuxStandalone target not found
Native extension for WindowsStandalone target not found
Native extension for WebGL target not found
Refreshing native plugins compatible for Editor in 0,32 ms, found 1 plugins.
Preloading 0 native plugins for Editor in 0,00 ms.
Invoked RoslynAnalysisRunner static constructor.
RoslynAnalysisRunner will not be running.
RoslynAnalysisRunner has terminated.
Mono: successfully reloaded assembly
- Completed reload, in  0,876 seconds
Platform modules already initialized, skipping
Refreshing native plugins compatible for Editor in 0,32 ms, found 1 plugins.
Preloading 0 native plugins for Editor in 0,00 ms.
Unloading 1804 Unused Serialized files (Serialized files now loaded: 0)
System memory in use before: 98,6 MB.
System memory in use after: 98,6 MB.

Unloading 12 unused Assets to reduce memory usage. Loaded Objects now: 2344.
Total: 2,656343 ms (FindLiveObjects: 0,221397 ms CreateObjectMapping: 0,051543 ms MarkObjects: 2,259924 ms  DeleteObjects: 0,117263 ms)

========================================================================
Received Prepare
Registering precompiled user dll's ...
Registered in 0,000666 seconds.
Begin MonoManager ReloadAssembly
Native extension for LinuxStandalone target not found
Native extension for WindowsStandalone target not found
Native extension for WebGL target not found
Refreshing native plugins compatible for Editor in 0,33 ms, found 1 plugins.
Preloading 0 native plugins for Editor in 0,00 ms.
Invoked RoslynAnalysisRunner static constructor.
RoslynAnalysisRunner will not be running.
RoslynAnalysisRunner has terminated.
Mono: successfully reloaded assembly
- Completed reload, in  0,877 seconds
Platform modules already initialized, skipping
Refreshing native plugins compatible for Editor in 0,32 ms, found 1 plugins.
Preloading 0 native plugins for Editor in 0,00 ms.
Unloading 1804 Unused Serialized files (Serialized files now loaded: 0)
System memory in use before: 98,6 MB.
System memory in use after: 98,6 MB.

Unloading 12 unused Assets to reduce memory usage. Loaded Objects now: 2348.
Total: 2,697201 ms (FindLiveObjects: 0,293753 ms CreateObjectMapping: 0,062438 ms MarkObjects: 2,215645 ms  DeleteObjects: 0,117822 ms)

========================================================================
Received Prepare
Registering precompiled user dll's ...
Registered in 0,000710 seconds.
Begin MonoManager ReloadAssembly
Native extension for LinuxStandalone target not found
Native extension for WindowsStandalone target not found
Native extension for WebGL target not found
Refreshing native plugins compatible for Editor in 0,35 ms, found 1 plugins.
Preloading 0 native plugins for Editor in 0,00 ms.
Invoked RoslynAnalysisRunner static constructor.
RoslynAnalysisRunner will not be running.
RoslynAnalysisRunner has terminated.
Mono: successfully reloaded assembly
- Completed reload, in  0,896 seconds
Platform modules already initialized, skipping
Refreshing native plugins compatible for Editor in 0,34 ms, found 1 plugins.
Preloading 0 native plugins for Editor in 0,00 ms.
Unloading 1804 Unused Serialized files (Serialized files now loaded: 0)
System memory in use before: 98,6 MB.
System memory in use after: 98,6 MB.

Unloading 12 unused Assets to reduce memory usage. Loaded Objects now: 2352.
Total: 2,732610 ms (FindLiveObjects: 0,242559 ms CreateObjectMapping: 0,057759 ms MarkObjects: 2,302807 ms  DeleteObjects: 0,120825 ms)

========================================================================
Received Prepare
Registering precompiled user dll's ...
Registered in 0,000677 seconds.
Begin MonoManager ReloadAssembly
Native extension for LinuxStandalone target not found
Native extension for WindowsStandalone target not found
Native extension for WebGL target not found
Refreshing native plugins compatible for Editor in 0,40 ms, found 1 plugins.
Preloading 0 native plugins for Editor in 0,00 ms.
Invoked RoslynAnalysisRunner static constructor.
RoslynAnalysisRunner will not be running.
RoslynAnalysisRunner has terminated.
Mono: successfully reloaded assembly
- Completed reload, in  0,943 seconds
Platform modules already initialized, skipping
Refreshing native plugins compatible for Editor in 0,36 ms, found 1 plugins.
Preloading 0 native plugins for Editor in 0,00 ms.
Unloading 1804 Unused Serialized files (Serialized files now loaded: 0)
System memory in use before: 98,6 MB.
System memory in use after: 98,6 MB.

Unloading 12 unused Assets to reduce memory usage. Loaded Objects now: 2356.
Total: 2,630152 ms (FindLiveObjects: 0,223492 ms CreateObjectMapping: 0,054197 ms MarkObjects: 2,227448 ms  DeleteObjects: 0,117334 ms)

========================================================================
Received Prepare
Registering precompiled user dll's ...
Registered in 0,000724 seconds.
Begin MonoManager ReloadAssembly
Native extension for LinuxStandalone target not found
Native extension for WindowsStandalone target not found
Native extension for WebGL target not found
Refreshing native plugins compatible for Editor in 0,36 ms, found 1 plugins.
Preloading 0 native plugins for Editor in 0,00 ms.
Invoked RoslynAnalysisRunner static constructor.
RoslynAnalysisRunner will not be running.
RoslynAnalysisRunner has terminated.
Mono: successfully reloaded assembly
- Completed reload, in  0,867 seconds
Platform modules already initialized, skipping
Refreshing native plugins compatible for Editor in 0,32 ms, found 1 plugins.
Preloading 0 native plugins for Editor in 0,00 ms.
Unloading 1804 Unused Serialized files (Serialized files now loaded: 0)
System memory in use before: 98,6 MB.
System memory in use after: 98,6 MB.

Unloading 12 unused Assets to reduce memory usage. Loaded Objects now: 2360.
Total: 4,830502 ms (FindLiveObjects: 0,250731 ms CreateObjectMapping: 0,053010 ms MarkObjects: 4,395740 ms  DeleteObjects: 0,124876 ms)

========================================================================
Received Prepare
Registering precompiled user dll's ...
Registered in 0,000646 seconds.
Begin MonoManager ReloadAssembly
Native extension for LinuxStandalone target not found
Native extension for WindowsStandalone target not found
Native extension for WebGL target not found
Refreshing native plugins compatible for Editor in 0,33 ms, found 1 plugins.
Preloading 0 native plugins for Editor in 0,00 ms.
Invoked RoslynAnalysisRunner static constructor.
RoslynAnalysisRunner will not be running.
RoslynAnalysisRunner has terminated.
Mono: successfully reloaded assembly
- Completed reload, in  0,880 seconds
Platform modules already initialized, skipping
Refreshing native plugins compatible for Editor in 0,36 ms, found 1 plugins.
Preloading 0 native plugins for Editor in 0,00 ms.
Unloading 1804 Unused Serialized files (Serialized files now loaded: 0)
System memory in use before: 98,6 MB.
System memory in use after: 98,7 MB.

Unloading 12 unused Assets to reduce memory usage. Loaded Objects now: 2364.
Total: 2,751886 ms (FindLiveObjects: 0,214762 ms CreateObjectMapping: 0,052521 ms MarkObjects: 2,358959 ms  DeleteObjects: 0,118381 ms)

========================================================================
Received Prepare
Registering precompiled user dll's ...
Registered in 0,000869 seconds.
Begin MonoManager ReloadAssembly
Native extension for LinuxStandalone target not found
Native extension for WindowsStandalone target not found
Native extension for WebGL target not found
Refreshing native plugins compatible for Editor in 0,35 ms, found 1 plugins.
Preloading 0 native plugins for Editor in 0,00 ms.
Invoked RoslynAnalysisRunner static constructor.
RoslynAnalysisRunner will not be running.
RoslynAnalysisRunner has terminated.
Mono: successfully reloaded assembly
- Completed reload, in  0,861 seconds
Platform modules already initialized, skipping
Refreshing native plugins compatible for Editor in 0,34 ms, found 1 plugins.
Preloading 0 native plugins for Editor in 0,00 ms.
Unloading 1804 Unused Serialized files (Serialized files now loaded: 0)
System memory in use before: 98,6 MB.
System memory in use after: 98,7 MB.

Unloading 12 unused Assets to reduce memory usage. Loaded Objects now: 2368.
Total: 3,168489 ms (FindLiveObjects: 0,275594 ms CreateObjectMapping: 0,054476 ms MarkObjects: 2,717943 ms  DeleteObjects: 0,113841 ms)

========================================================================
Received Prepare
Registering precompiled user dll's ...
Registered in 0,000615 seconds.
Begin MonoManager ReloadAssembly
Native extension for LinuxStandalone target not found
Native extension for WindowsStandalone target not found
Native extension for WebGL target not found
Refreshing native plugins compatible for Editor in 0,32 ms, found 1 plugins.
Preloading 0 native plugins for Editor in 0,00 ms.
Invoked RoslynAnalysisRunner static constructor.
RoslynAnalysisRunner will not be running.
RoslynAnalysisRunner has terminated.
Mono: successfully reloaded assembly
- Completed reload, in  0,881 seconds
Platform modules already initialized, skipping
Refreshing native plugins compatible for Editor in 0,36 ms, found 1 plugins.
Preloading 0 native plugins for Editor in 0,00 ms.
Unloading 1804 Unused Serialized files (Serialized files now loaded: 0)
System memory in use before: 98,7 MB.
System memory in use after: 98,7 MB.

Unloading 12 unused Assets to reduce memory usage. Loaded Objects now: 2372.
Total: 2,630711 ms (FindLiveObjects: 0,228102 ms CreateObjectMapping: 0,052381 ms MarkObjects: 2,226330 ms  DeleteObjects: 0,117682 ms)

========================================================================
Received Prepare
Registering precompiled user dll's ...
Registered in 0,000668 seconds.
Begin MonoManager ReloadAssembly
Native extension for LinuxStandalone target not found
Native extension for WindowsStandalone target not found
Native extension for WebGL target not found
Refreshing native plugins compatible for Editor in 0,38 ms, found 1 plugins.
Preloading 0 native plugins for Editor in 0,00 ms.
Invoked RoslynAnalysisRunner static constructor.
RoslynAnalysisRunner will not be running.
RoslynAnalysisRunner has terminated.
Mono: successfully reloaded assembly
- Completed reload, in  0,877 seconds
Platform modules already initialized, skipping
Refreshing native plugins compatible for Editor in 0,34 ms, found 1 plugins.
Preloading 0 native plugins for Editor in 0,00 ms.
Unloading 1804 Unused Serialized files (Serialized files now loaded: 0)
System memory in use before: 98,7 MB.
System memory in use after: 98,7 MB.

Unloading 12 unused Assets to reduce memory usage. Loaded Objects now: 2376.
Total: 2,750000 ms (FindLiveObjects: 0,232152 ms CreateObjectMapping: 0,053359 ms MarkObjects: 2,342267 ms  DeleteObjects: 0,114679 ms)

========================================================================
Received Prepare
Registering precompiled user dll's ...
Registered in 0,000667 seconds.
Begin MonoManager ReloadAssembly
Native extension for LinuxStandalone target not found
Native extension for WindowsStandalone target not found
Native extension for WebGL target not found
Refreshing native plugins compatible for Editor in 0,35 ms, found 1 plugins.
Preloading 0 native plugins for Editor in 0,00 ms.
Invoked RoslynAnalysisRunner static constructor.
RoslynAnalysisRunner will not be running.
RoslynAnalysisRunner has terminated.
Mono: successfully reloaded assembly
- Completed reload, in  0,880 seconds
Platform modules already initialized, skipping
Refreshing native plugins compatible for Editor in 0,37 ms, found 1 plugins.
Preloading 0 native plugins for Editor in 0,00 ms.
Unloading 1804 Unused Serialized files (Serialized files now loaded: 0)
System memory in use before: 98,7 MB.
System memory in use after: 98,7 MB.

Unloading 12 unused Assets to reduce memory usage. Loaded Objects now: 2380.
Total: 2,558287 ms (FindLiveObjects: 0,269587 ms CreateObjectMapping: 0,054616 ms MarkObjects: 2,110534 ms  DeleteObjects: 0,116775 ms)

========================================================================
Received Prepare
Registering precompiled user dll's ...
Registered in 0,000629 seconds.
Begin MonoManager ReloadAssembly
Native extension for LinuxStandalone target not found
Native extension for WindowsStandalone target not found
Native extension for WebGL target not found
Refreshing native plugins compatible for Editor in 0,38 ms, found 1 plugins.
Preloading 0 native plugins for Editor in 0,00 ms.
Invoked RoslynAnalysisRunner static constructor.
RoslynAnalysisRunner will not be running.
RoslynAnalysisRunner has terminated.
Mono: successfully reloaded assembly
- Completed reload, in  0,855 seconds
Platform modules already initialized, skipping
Refreshing native plugins compatible for Editor in 0,32 ms, found 1 plugins.
Preloading 0 native plugins for Editor in 0,00 ms.
Unloading 1804 Unused Serialized files (Serialized files now loaded: 0)
System memory in use before: 98,7 MB.
System memory in use after: 98,7 MB.

Unloading 12 unused Assets to reduce memory usage. Loaded Objects now: 2384.
Total: 2,543550 ms (FindLiveObjects: 0,417232 ms CreateObjectMapping: 0,042813 ms MarkObjects: 1,958000 ms  DeleteObjects: 0,118730 ms)

========================================================================
Received Prepare
Registering precompiled user dll's ...
Registered in 0,000782 seconds.
Begin MonoManager ReloadAssembly
Native extension for LinuxStandalone target not found
Native extension for WindowsStandalone target not found
Native extension for WebGL target not found
Refreshing native plugins compatible for Editor in 0,32 ms, found 1 plugins.
Preloading 0 native plugins for Editor in 0,00 ms.
Invoked RoslynAnalysisRunner static constructor.
RoslynAnalysisRunner will not be running.
RoslynAnalysisRunner has terminated.
Mono: successfully reloaded assembly
- Completed reload, in  0,855 seconds
Platform modules already initialized, skipping
Refreshing native plugins compatible for Editor in 0,33 ms, found 1 plugins.
Preloading 0 native plugins for Editor in 0,00 ms.
Unloading 1804 Unused Serialized files (Serialized files now loaded: 0)
System memory in use before: 98,7 MB.
System memory in use after: 98,7 MB.

Unloading 12 unused Assets to reduce memory usage. Loaded Objects now: 2388.
Total: 2,472451 ms (FindLiveObjects: 0,231384 ms CreateObjectMapping: 0,061041 ms MarkObjects: 2,052426 ms  DeleteObjects: 0,121384 ms)

========================================================================
Received Prepare
Registering precompiled user dll's ...
Registered in 0,000654 seconds.
Begin MonoManager ReloadAssembly
Native extension for LinuxStandalone target not found
Native extension for WindowsStandalone target not found
Native extension for WebGL target not found
Refreshing native plugins compatible for Editor in 0,33 ms, found 1 plugins.
Preloading 0 native plugins for Editor in 0,00 ms.
Invoked RoslynAnalysisRunner static constructor.
RoslynAnalysisRunner will not be running.
RoslynAnalysisRunner has terminated.
Mono: successfully reloaded assembly
- Completed reload, in  0,849 seconds
Platform modules already initialized, skipping
Refreshing native plugins compatible for Editor in 0,39 ms, found 1 plugins.
Preloading 0 native plugins for Editor in 0,00 ms.
Unloading 1804 Unused Serialized files (Serialized files now loaded: 0)
System memory in use before: 98,7 MB.
System memory in use after: 98,7 MB.

Unloading 12 unused Assets to reduce memory usage. Loaded Objects now: 2392.
Total: 2,314680 ms (FindLiveObjects: 0,198978 ms CreateObjectMapping: 0,038623 ms MarkObjects: 1,949620 ms  DeleteObjects: 0,119499 ms)

========================================================================
Received Prepare
Registering precompiled user dll's ...
Registered in 0,000635 seconds.
Begin MonoManager ReloadAssembly
Native extension for LinuxStandalone target not found
Native extension for WindowsStandalone target not found
Native extension for WebGL target not found
Refreshing native plugins compatible for Editor in 0,32 ms, found 1 plugins.
Preloading 0 native plugins for Editor in 0,00 ms.
Invoked RoslynAnalysisRunner static constructor.
RoslynAnalysisRunner will not be running.
RoslynAnalysisRunner has terminated.
Mono: successfully reloaded assembly
- Completed reload, in  0,849 seconds
Platform modules already initialized, skipping
Refreshing native plugins compatible for Editor in 0,33 ms, found 1 plugins.
Preloading 0 native plugins for Editor in 0,00 ms.
Unloading 1804 Unused Serialized files (Serialized files now loaded: 0)
System memory in use before: 98,7 MB.
System memory in use after: 98,7 MB.

Unloading 12 unused Assets to reduce memory usage. Loaded Objects now: 2396.
Total: 2,410642 ms (FindLiveObjects: 0,232293 ms CreateObjectMapping: 0,053499 ms MarkObjects: 1,998787 ms  DeleteObjects: 0,118032 ms)

========================================================================
Received Prepare
Registering precompiled user dll's ...
Registered in 0,000790 seconds.
Begin MonoManager ReloadAssembly
Native extension for LinuxStandalone target not found
Native extension for WindowsStandalone target not found
Native extension for WebGL target not found
Refreshing native plugins compatible for Editor in 0,35 ms, found 1 plugins.
Preloading 0 native plugins for Editor in 0,00 ms.
Invoked RoslynAnalysisRunner static constructor.
RoslynAnalysisRunner will not be running.
RoslynAnalysisRunner has terminated.
Mono: successfully reloaded assembly
- Completed reload, in  0,864 seconds
Platform modules already initialized, skipping
Refreshing native plugins compatible for Editor in 0,35 ms, found 1 plugins.
Preloading 0 native plugins for Editor in 0,00 ms.
Unloading 1804 Unused Serialized files (Serialized files now loaded: 0)
System memory in use before: 98,7 MB.
System memory in use after: 98,7 MB.

Unloading 12 unused Assets to reduce memory usage. Loaded Objects now: 2400.
Total: 3,081537 ms (FindLiveObjects: 0,232781 ms CreateObjectMapping: 0,054616 ms MarkObjects: 2,668356 ms  DeleteObjects: 0,118172 ms)

========================================================================
Received Prepare
Registering precompiled user dll's ...
Registered in 0,000620 seconds.
Begin MonoManager ReloadAssembly
Native extension for LinuxStandalone target not found
Native extension for WindowsStandalone target not found
Native extension for WebGL target not found
Refreshing native plugins compatible for Editor in 0,35 ms, found 1 plugins.
Preloading 0 native plugins for Editor in 0,00 ms.
Invoked RoslynAnalysisRunner static constructor.
RoslynAnalysisRunner will not be running.
RoslynAnalysisRunner has terminated.
Mono: successfully reloaded assembly
- Completed reload, in  0,848 seconds
Platform modules already initialized, skipping
Refreshing native plugins compatible for Editor in 0,32 ms, found 1 plugins.
Preloading 0 native plugins for Editor in 0,00 ms.
Unloading 1804 Unused Serialized files (Serialized files now loaded: 0)
System memory in use before: 98,7 MB.
System memory in use after: 98,7 MB.

Unloading 12 unused Assets to reduce memory usage. Loaded Objects now: 2404.
Total: 2,694477 ms (FindLiveObjects: 0,342222 ms CreateObjectMapping: 0,059645 ms MarkObjects: 2,167874 ms  DeleteObjects: 0,116705 ms)

========================================================================
Received Prepare
Registering precompiled user dll's ...
Registered in 0,000630 seconds.
Begin MonoManager ReloadAssembly
Native extension for LinuxStandalone target not found
Native extension for WindowsStandalone target not found
Native extension for WebGL target not found
Refreshing native plugins compatible for Editor in 0,35 ms, found 1 plugins.
Preloading 0 native plugins for Editor in 0,00 ms.
Invoked RoslynAnalysisRunner static constructor.
RoslynAnalysisRunner will not be running.
RoslynAnalysisRunner has terminated.
Mono: successfully reloaded assembly
- Completed reload, in  0,881 seconds
Platform modules already initialized, skipping
Refreshing native plugins compatible for Editor in 0,40 ms, found 1 plugins.
Preloading 0 native plugins for Editor in 0,00 ms.
Unloading 1804 Unused Serialized files (Serialized files now loaded: 0)
System memory in use before: 98,7 MB.
System memory in use after: 98,7 MB.

Unloading 12 unused Assets to reduce memory usage. Loaded Objects now: 2408.
Total: 2,672547 ms (FindLiveObjects: 0,229429 ms CreateObjectMapping: 0,054685 ms MarkObjects: 2,266210 ms  DeleteObjects: 0,115518 ms)

========================================================================
Received Prepare
Registering precompiled user dll's ...
Registered in 0,000638 seconds.
Begin MonoManager ReloadAssembly
Native extension for LinuxStandalone target not found
Native extension for WindowsStandalone target not found
Native extension for WebGL target not found
Refreshing native plugins compatible for Editor in 0,33 ms, found 1 plugins.
Preloading 0 native plugins for Editor in 0,00 ms.
Invoked RoslynAnalysisRunner static constructor.
RoslynAnalysisRunner will not be running.
RoslynAnalysisRunner has terminated.
Mono: successfully reloaded assembly
- Completed reload, in  0,847 seconds
Platform modules already initialized, skipping
Refreshing native plugins compatible for Editor in 0,32 ms, found 1 plugins.
Preloading 0 native plugins for Editor in 0,00 ms.
Unloading 1804 Unused Serialized files (Serialized files now loaded: 0)
System memory in use before: 98,7 MB.
System memory in use after: 98,8 MB.

Unloading 12 unused Assets to reduce memory usage. Loaded Objects now: 2412.
Total: 2,327181 ms (FindLiveObjects: 0,187524 ms CreateObjectMapping: 0,038133 ms MarkObjects: 1,976927 ms  DeleteObjects: 0,117962 ms)

========================================================================
Received Prepare
Registering precompiled user dll's ...
Registered in 0,000624 seconds.
Begin MonoManager ReloadAssembly
Native extension for LinuxStandalone target not found
Native extension for WindowsStandalone target not found
Native extension for WebGL target not found
Refreshing native plugins compatible for Editor in 0,34 ms, found 1 plugins.
Preloading 0 native plugins for Editor in 0,00 ms.
Invoked RoslynAnalysisRunner static constructor.
RoslynAnalysisRunner will not be running.
RoslynAnalysisRunner has terminated.
Mono: successfully reloaded assembly
- Completed reload, in  0,885 seconds
Platform modules already initialized, skipping
Refreshing native plugins compatible for Editor in 0,32 ms, found 1 plugins.
Preloading 0 native plugins for Editor in 0,00 ms.
Unloading 1804 Unused Serialized files (Serialized files now loaded: 0)
System memory in use before: 98,7 MB.
System memory in use after: 98,8 MB.

Unloading 12 unused Assets to reduce memory usage. Loaded Objects now: 2416.
Total: 2,447727 ms (FindLiveObjects: 0,248495 ms CreateObjectMapping: 0,063346 ms MarkObjects: 2,011498 ms  DeleteObjects: 0,117753 ms)

========================================================================
Received Prepare
Registering precompiled user dll's ...
Registered in 0,000621 seconds.
Begin MonoManager ReloadAssembly
Native extension for LinuxStandalone target not found
Native extension for WindowsStandalone target not found
Native extension for WebGL target not found
Refreshing native plugins compatible for Editor in 0,32 ms, found 1 plugins.
Preloading 0 native plugins for Editor in 0,00 ms.
Invoked RoslynAnalysisRunner static constructor.
RoslynAnalysisRunner will not be running.
RoslynAnalysisRunner has terminated.
Mono: successfully reloaded assembly
- Completed reload, in  0,865 seconds
Platform modules already initialized, skipping
Refreshing native plugins compatible for Editor in 0,32 ms, found 1 plugins.
Preloading 0 native plugins for Editor in 0,00 ms.
Unloading 1804 Unused Serialized files (Serialized files now loaded: 0)
System memory in use before: 98,7 MB.
System memory in use after: 98,8 MB.

Unloading 12 unused Assets to reduce memory usage. Loaded Objects now: 2420.
Total: 2,669683 ms (FindLiveObjects: 0,228940 ms CreateObjectMapping: 0,054406 ms MarkObjects: 2,260902 ms  DeleteObjects: 0,117683 ms)

========================================================================
Received Prepare
Registering precompiled user dll's ...
Registered in 0,000668 seconds.
Begin MonoManager ReloadAssembly
Native extension for LinuxStandalone target not found
Native extension for WindowsStandalone target not found
Native extension for WebGL target not found
Refreshing native plugins compatible for Editor in 0,44 ms, found 1 plugins.
Preloading 0 native plugins for Editor in 0,00 ms.
Invoked RoslynAnalysisRunner static constructor.
RoslynAnalysisRunner will not be running.
RoslynAnalysisRunner has terminated.
Mono: successfully reloaded assembly
- Completed reload, in  0,876 seconds
Platform modules already initialized, skipping
Refreshing native plugins compatible for Editor in 0,38 ms, found 1 plugins.
Preloading 0 native plugins for Editor in 0,00 ms.
Unloading 1804 Unused Serialized files (Serialized files now loaded: 0)
System memory in use before: 98,7 MB.
System memory in use after: 98,8 MB.

Unloading 12 unused Assets to reduce memory usage. Loaded Objects now: 2424.
Total: 2,433479 ms (FindLiveObjects: 0,231384 ms CreateObjectMapping: 0,055734 ms MarkObjects: 2,013804 ms  DeleteObjects: 0,125435 ms)

========================================================================
Received Prepare
Registering precompiled user dll's ...
Registered in 0,000629 seconds.
Begin MonoManager ReloadAssembly
Native extension for LinuxStandalone target not found
Native extension for WindowsStandalone target not found
Native extension for WebGL target not found
Refreshing native plugins compatible for Editor in 0,33 ms, found 1 plugins.
Preloading 0 native plugins for Editor in 0,00 ms.
Invoked RoslynAnalysisRunner static constructor.
RoslynAnalysisRunner will not be running.
RoslynAnalysisRunner has terminated.
Mono: successfully reloaded assembly
- Completed reload, in  0,847 seconds
Platform modules already initialized, skipping
Refreshing native plugins compatible for Editor in 0,32 ms, found 1 plugins.
Preloading 0 native plugins for Editor in 0,00 ms.
Unloading 1804 Unused Serialized files (Serialized files now loaded: 0)
System memory in use before: 98,8 MB.
System memory in use after: 98,8 MB.

Unloading 12 unused Assets to reduce memory usage. Loaded Objects now: 2428.
Total: 2,471613 ms (FindLiveObjects: 0,254850 ms CreateObjectMapping: 0,055734 ms MarkObjects: 2,035385 ms  DeleteObjects: 0,118591 ms)

========================================================================
Received Prepare
Registering precompiled user dll's ...
Registered in 0,000630 seconds.
Begin MonoManager ReloadAssembly
Native extension for LinuxStandalone target not found
Native extension for WindowsStandalone target not found
Native extension for WebGL target not found
Refreshing native plugins compatible for Editor in 0,40 ms, found 1 plugins.
Preloading 0 native plugins for Editor in 0,00 ms.
Invoked RoslynAnalysisRunner static constructor.
RoslynAnalysisRunner will not be running.
RoslynAnalysisRunner has terminated.
Mono: successfully reloaded assembly
- Completed reload, in  0,874 seconds
Platform modules already initialized, skipping
Refreshing native plugins compatible for Editor in 0,33 ms, found 1 plugins.
Preloading 0 native plugins for Editor in 0,00 ms.
Unloading 1804 Unused Serialized files (Serialized files now loaded: 0)
System memory in use before: 98,8 MB.
System memory in use after: 98,8 MB.

Unloading 12 unused Assets to reduce memory usage. Loaded Objects now: 2432.
Total: 2,661093 ms (FindLiveObjects: 0,354025 ms CreateObjectMapping: 0,042044 ms MarkObjects: 2,136096 ms  DeleteObjects: 0,121804 ms)

========================================================================
Received Prepare
Registering precompiled user dll's ...
Registered in 0,000648 seconds.
Begin MonoManager ReloadAssembly
Native extension for LinuxStandalone target not found
Native extension for WindowsStandalone target not found
Native extension for WebGL target not found
Refreshing native plugins compatible for Editor in 0,32 ms, found 1 plugins.
Preloading 0 native plugins for Editor in 0,00 ms.
Invoked RoslynAnalysisRunner static constructor.
RoslynAnalysisRunner will not be running.
RoslynAnalysisRunner has terminated.
Mono: successfully reloaded assembly
- Completed reload, in  0,854 seconds
Platform modules already initialized, skipping
Refreshing native plugins compatible for Editor in 0,39 ms, found 1 plugins.
Preloading 0 native plugins for Editor in 0,00 ms.
Unloading 1804 Unused Serialized files (Serialized files now loaded: 0)
System memory in use before: 98,8 MB.
System memory in use after: 98,8 MB.

Unloading 12 unused Assets to reduce memory usage. Loaded Objects now: 2436.
Total: 3,022870 ms (FindLiveObjects: 0,232082 ms CreateObjectMapping: 0,054895 ms MarkObjects: 2,609550 ms  DeleteObjects: 0,117752 ms)

========================================================================
Received Prepare
Registering precompiled user dll's ...
Registered in 0,000636 seconds.
Begin MonoManager ReloadAssembly
Native extension for LinuxStandalone target not found
Native extension for WindowsStandalone target not found
Native extension for WebGL target not found
Refreshing native plugins compatible for Editor in 0,32 ms, found 1 plugins.
Preloading 0 native plugins for Editor in 0,00 ms.
Invoked RoslynAnalysisRunner static constructor.
RoslynAnalysisRunner will not be running.
RoslynAnalysisRunner has terminated.
Mono: successfully reloaded assembly
- Completed reload, in  0,859 seconds
Platform modules already initialized, skipping
Refreshing native plugins compatible for Editor in 0,33 ms, found 1 plugins.
Preloading 0 native plugins for Editor in 0,00 ms.
Unloading 1804 Unused Serialized files (Serialized files now loaded: 0)
System memory in use before: 98,8 MB.
System memory in use after: 98,8 MB.

Unloading 12 unused Assets to reduce memory usage. Loaded Objects now: 2440.
Total: 2,719898 ms (FindLiveObjects: 0,239137 ms CreateObjectMapping: 0,053917 ms MarkObjects: 2,279270 ms  DeleteObjects: 0,140940 ms)

========================================================================
Received Prepare
Registering precompiled user dll's ...
Registered in 0,000623 seconds.
Begin MonoManager ReloadAssembly
Native extension for LinuxStandalone target not found
Native extension for WindowsStandalone target not found
Native extension for WebGL target not found
Refreshing native plugins compatible for Editor in 0,32 ms, found 1 plugins.
Preloading 0 native plugins for Editor in 0,00 ms.
Invoked RoslynAnalysisRunner static constructor.
RoslynAnalysisRunner will not be running.
RoslynAnalysisRunner has terminated.
Mono: successfully reloaded assembly
- Completed reload, in  0,880 seconds
Platform modules already initialized, skipping
Refreshing native plugins compatible for Editor in 0,33 ms, found 1 plugins.
Preloading 0 native plugins for Editor in 0,00 ms.
Unloading 1804 Unused Serialized files (Serialized files now loaded: 0)
System memory in use before: 98,8 MB.
System memory in use after: 98,8 MB.

Unloading 12 unused Assets to reduce memory usage. Loaded Objects now: 2444.
Total: 2,739244 ms (FindLiveObjects: 0,229150 ms CreateObjectMapping: 0,055175 ms MarkObjects: 2,331371 ms  DeleteObjects: 0,116845 ms)

========================================================================
Received Prepare
Registering precompiled user dll's ...
Registered in 0,000634 seconds.
Begin MonoManager ReloadAssembly
Native extension for LinuxStandalone target not found
Native extension for WindowsStandalone target not found
Native extension for WebGL target not found
Refreshing native plugins compatible for Editor in 0,33 ms, found 1 plugins.
Preloading 0 native plugins for Editor in 0,00 ms.
Invoked RoslynAnalysisRunner static constructor.
RoslynAnalysisRunner will not be running.
RoslynAnalysisRunner has terminated.
Mono: successfully reloaded assembly
- Completed reload, in  0,895 seconds
Platform modules already initialized, skipping
Refreshing native plugins compatible for Editor in 0,32 ms, found 1 plugins.
Preloading 0 native plugins for Editor in 0,00 ms.
Unloading 1804 Unused Serialized files (Serialized files now loaded: 0)
System memory in use before: 98,8 MB.
System memory in use after: 98,8 MB.

Unloading 12 unused Assets to reduce memory usage. Loaded Objects now: 2448.
Total: 2,413016 ms (FindLiveObjects: 0,231733 ms CreateObjectMapping: 0,054756 ms MarkObjects: 2,006679 ms  DeleteObjects: 0,114609 ms)

========================================================================
Received Prepare
Registering precompiled user dll's ...
Registered in 0,000640 seconds.
Begin MonoManager ReloadAssembly
Native extension for LinuxStandalone target not found
Native extension for WindowsStandalone target not found
Native extension for WebGL target not found
Refreshing native plugins compatible for Editor in 0,32 ms, found 1 plugins.
Preloading 0 native plugins for Editor in 0,00 ms.
Invoked RoslynAnalysisRunner static constructor.
RoslynAnalysisRunner will not be running.
RoslynAnalysisRunner has terminated.
Mono: successfully reloaded assembly
- Completed reload, in  0,855 seconds
Platform modules already initialized, skipping
Refreshing native plugins compatible for Editor in 0,32 ms, found 1 plugins.
Preloading 0 native plugins for Editor in 0,00 ms.
Unloading 1804 Unused Serialized files (Serialized files now loaded: 0)
System memory in use before: 98,8 MB.
System memory in use after: 98,8 MB.

Unloading 12 unused Assets to reduce memory usage. Loaded Objects now: 2452.
Total: 2,847149 ms (FindLiveObjects: 0,254781 ms CreateObjectMapping: 0,064743 ms MarkObjects: 2,403238 ms  DeleteObjects: 0,116425 ms)

========================================================================
Received Prepare
Registering precompiled user dll's ...
Registered in 0,000623 seconds.
Begin MonoManager ReloadAssembly
Native extension for LinuxStandalone target not found
Native extension for WindowsStandalone target not found
Native extension for WebGL target not found
Refreshing native plugins compatible for Editor in 0,33 ms, found 1 plugins.
Preloading 0 native plugins for Editor in 0,00 ms.
Invoked RoslynAnalysisRunner static constructor.
RoslynAnalysisRunner will not be running.
RoslynAnalysisRunner has terminated.
Mono: successfully reloaded assembly
- Completed reload, in  0,906 seconds
Platform modules already initialized, skipping
Refreshing native plugins compatible for Editor in 0,32 ms, found 1 plugins.
Preloading 0 native plugins for Editor in 0,00 ms.
Unloading 1804 Unused Serialized files (Serialized files now loaded: 0)
System memory in use before: 98,8 MB.
System memory in use after: 98,8 MB.

Unloading 12 unused Assets to reduce memory usage. Loaded Objects now: 2456.
Total: 2,715219 ms (FindLiveObjects: 0,250381 ms CreateObjectMapping: 0,065372 ms MarkObjects: 2,273963 ms  DeleteObjects: 0,118661 ms)

========================================================================
Received Prepare
Registering precompiled user dll's ...
Registered in 0,000614 seconds.
Begin MonoManager ReloadAssembly
Native extension for LinuxStandalone target not found
Native extension for WindowsStandalone target not found
Native extension for WebGL target not found
Refreshing native plugins compatible for Editor in 0,32 ms, found 1 plugins.
Preloading 0 native plugins for Editor in 0,00 ms.
Invoked RoslynAnalysisRunner static constructor.
RoslynAnalysisRunner will not be running.
RoslynAnalysisRunner has terminated.
Mono: successfully reloaded assembly
- Completed reload, in  0,863 seconds
Platform modules already initialized, skipping
Refreshing native plugins compatible for Editor in 0,32 ms, found 1 plugins.
Preloading 0 native plugins for Editor in 0,00 ms.
Unloading 1804 Unused Serialized files (Serialized files now loaded: 0)
System memory in use before: 98,8 MB.
System memory in use after: 98,8 MB.

Unloading 12 unused Assets to reduce memory usage. Loaded Objects now: 2460.
Total: 2,986274 ms (FindLiveObjects: 0,182635 ms CreateObjectMapping: 0,095822 ms MarkObjects: 2,585244 ms  DeleteObjects: 0,114959 ms)

========================================================================
Received Prepare
Registering precompiled user dll's ...
Registered in 0,000627 seconds.
Begin MonoManager ReloadAssembly
Native extension for LinuxStandalone target not found
Native extension for WindowsStandalone target not found
Native extension for WebGL target not found
Refreshing native plugins compatible for Editor in 0,34 ms, found 1 plugins.
Preloading 0 native plugins for Editor in 0,00 ms.
Invoked RoslynAnalysisRunner static constructor.
RoslynAnalysisRunner will not be running.
RoslynAnalysisRunner has terminated.
Mono: successfully reloaded assembly
- Completed reload, in  0,859 seconds
Platform modules already initialized, skipping
Refreshing native plugins compatible for Editor in 0,33 ms, found 1 plugins.
Preloading 0 native plugins for Editor in 0,00 ms.
Unloading 1804 Unused Serialized files (Serialized files now loaded: 0)
System memory in use before: 98,8 MB.
System memory in use after: 98,9 MB.

Unloading 12 unused Assets to reduce memory usage. Loaded Objects now: 2464.
Total: 2,541594 ms (FindLiveObjects: 0,227612 ms CreateObjectMapping: 0,056152 ms MarkObjects: 2,121150 ms  DeleteObjects: 0,130883 ms)

========================================================================
Received Prepare
Registering precompiled user dll's ...
Registered in 0,000624 seconds.
Begin MonoManager ReloadAssembly
Native extension for LinuxStandalone target not found
Native extension for WindowsStandalone target not found
Native extension for WebGL target not found
Refreshing native plugins compatible for Editor in 0,35 ms, found 1 plugins.
Preloading 0 native plugins for Editor in 0,00 ms.
Invoked RoslynAnalysisRunner static constructor.
RoslynAnalysisRunner will not be running.
RoslynAnalysisRunner has terminated.
Mono: successfully reloaded assembly
- Completed reload, in  0,881 seconds
Platform modules already initialized, skipping
Refreshing native plugins compatible for Editor in 0,32 ms, found 1 plugins.
Preloading 0 native plugins for Editor in 0,00 ms.
Unloading 1804 Unused Serialized files (Serialized files now loaded: 0)
System memory in use before: 98,8 MB.
System memory in use after: 98,9 MB.

Unloading 12 unused Assets to reduce memory usage. Loaded Objects now: 2468.
Total: 2,835136 ms (FindLiveObjects: 0,196883 ms CreateObjectMapping: 0,038412 ms MarkObjects: 2,474337 ms  DeleteObjects: 0,117822 ms)

========================================================================
Received Prepare
Registering precompiled user dll's ...
Registered in 0,000599 seconds.
Begin MonoManager ReloadAssembly
Native extension for LinuxStandalone target not found
Native extension for WindowsStandalone target not found
Native extension for WebGL target not found
Refreshing native plugins compatible for Editor in 0,33 ms, found 1 plugins.
Preloading 0 native plugins for Editor in 0,00 ms.
Invoked RoslynAnalysisRunner static constructor.
RoslynAnalysisRunner will not be running.
RoslynAnalysisRunner has terminated.
Mono: successfully reloaded assembly
- Completed reload, in  0,877 seconds
Platform modules already initialized, skipping
Refreshing native plugins compatible for Editor in 0,35 ms, found 1 plugins.
Preloading 0 native plugins for Editor in 0,00 ms.
Unloading 1804 Unused Serialized files (Serialized files now loaded: 0)
System memory in use before: 98,8 MB.
System memory in use after: 98,9 MB.

Unloading 12 unused Assets to reduce memory usage. Loaded Objects now: 2472.
Total: 2,706489 ms (FindLiveObjects: 0,192622 ms CreateObjectMapping: 0,039600 ms MarkObjects: 2,348203 ms  DeleteObjects: 0,119848 ms)

========================================================================
Received Prepare
Registering precompiled user dll's ...
Registered in 0,000629 seconds.
Begin MonoManager ReloadAssembly
Native extension for LinuxStandalone target not found
Native extension for WindowsStandalone target not found
Native extension for WebGL target not found
Refreshing native plugins compatible for Editor in 0,36 ms, found 1 plugins.
Preloading 0 native plugins for Editor in 0,00 ms.
Invoked RoslynAnalysisRunner static constructor.
RoslynAnalysisRunner will not be running.
RoslynAnalysisRunner has terminated.
Mono: successfully reloaded assembly
- Completed reload, in  0,863 seconds
Platform modules already initialized, skipping
Refreshing native plugins compatible for Editor in 0,32 ms, found 1 plugins.
Preloading 0 native plugins for Editor in 0,00 ms.
Unloading 1804 Unused Serialized files (Serialized files now loaded: 0)
System memory in use before: 98,8 MB.
System memory in use after: 98,9 MB.

Unloading 12 unused Assets to reduce memory usage. Loaded Objects now: 2476.
Total: 2,607594 ms (FindLiveObjects: 0,250520 ms CreateObjectMapping: 0,057130 ms MarkObjects: 2,181213 ms  DeleteObjects: 0,112514 ms)

========================================================================
Received Prepare
Registering precompiled user dll's ...
Registered in 0,000583 seconds.
Begin MonoManager ReloadAssembly
Native extension for LinuxStandalone target not found
Native extension for WindowsStandalone target not found
Native extension for WebGL target not found
Refreshing native plugins compatible for Editor in 0,32 ms, found 1 plugins.
Preloading 0 native plugins for Editor in 0,00 ms.
Invoked RoslynAnalysisRunner static constructor.
RoslynAnalysisRunner will not be running.
RoslynAnalysisRunner has terminated.
Mono: successfully reloaded assembly
- Completed reload, in  0,860 seconds
Platform modules already initialized, skipping
Refreshing native plugins compatible for Editor in 0,32 ms, found 1 plugins.
Preloading 0 native plugins for Editor in 0,00 ms.
Unloading 1804 Unused Serialized files (Serialized files now loaded: 0)
System memory in use before: 98,8 MB.
System memory in use after: 98,9 MB.

Unloading 12 unused Assets to reduce memory usage. Loaded Objects now: 2480.
Total: 2,631619 ms (FindLiveObjects: 0,218045 ms CreateObjectMapping: 0,055244 ms MarkObjects: 2,226889 ms  DeleteObjects: 0,124387 ms)

========================================================================
Received Prepare
Registering precompiled user dll's ...
Registered in 0,000664 seconds.
Begin MonoManager ReloadAssembly
Native extension for LinuxStandalone target not found
Native extension for WindowsStandalone target not found
Native extension for WebGL target not found
Refreshing native plugins compatible for Editor in 0,35 ms, found 1 plugins.
Preloading 0 native plugins for Editor in 0,00 ms.
Invoked RoslynAnalysisRunner static constructor.
RoslynAnalysisRunner will not be running.
RoslynAnalysisRunner has terminated.
Mono: successfully reloaded assembly
- Completed reload, in  0,912 seconds
Platform modules already initialized, skipping
Refreshing native plugins compatible for Editor in 0,35 ms, found 1 plugins.
Preloading 0 native plugins for Editor in 0,00 ms.
Unloading 1804 Unused Serialized files (Serialized files now loaded: 0)
System memory in use before: 98,9 MB.
System memory in use after: 98,9 MB.

Unloading 12 unused Assets to reduce memory usage. Loaded Objects now: 2484.
Total: 2,767111 ms (FindLiveObjects: 0,272521 ms CreateObjectMapping: 0,055873 ms MarkObjects: 2,313352 ms  DeleteObjects: 0,118730 ms)

========================================================================
Received Import Request.
  Time since last request: 10052,910177 seconds.
  path: Assets/Conductor.cs
  artifactKey: Guid(9bdbb89cc0b723f24a272468efbb4bd7) Importer(815301076,1909f56bfc062723c751e8b465ee728b)
Start importing Assets/Conductor.cs using Guid(9bdbb89cc0b723f24a272468efbb4bd7) Importer(815301076,1909f56bfc062723c751e8b465ee728b)  -> (artifact id: '37b906228eab35e00afed997b3dbc9d8') in 0,003178 seconds
  Import took 0,006223 seconds .

========================================================================
Received Import Request.
  Time since last request: 0,000805 seconds.
  path: Assets/Conductor.cs
  artifactKey: Guid(9bdbb89cc0b723f24a272468efbb4bd7) Importer(815301076,1909f56bfc062723c751e8b465ee728b)
Start importing Assets/Conductor.cs using Guid(9bdbb89cc0b723f24a272468efbb4bd7) Importer(815301076,1909f56bfc062723c751e8b465ee728b)  -> (artifact id: '37b906228eab35e00afed997b3dbc9d8') in 0,000576 seconds
  Import took 0,002704 seconds .

========================================================================
Received Prepare
Registering precompiled user dll's ...
Registered in 0,000745 seconds.
Begin MonoManager ReloadAssembly
Native extension for LinuxStandalone target not found
Native extension for WindowsStandalone target not found
Native extension for WebGL target not found
Refreshing native plugins compatible for Editor in 0,34 ms, found 1 plugins.
Preloading 0 native plugins for Editor in 0,00 ms.
Invoked RoslynAnalysisRunner static constructor.
RoslynAnalysisRunner will not be running.
RoslynAnalysisRunner has terminated.
Mono: successfully reloaded assembly
- Completed reload, in  0,862 seconds
Platform modules already initialized, skipping
Refreshing native plugins compatible for Editor in 0,33 ms, found 1 plugins.
Preloading 0 native plugins for Editor in 0,00 ms.
Unloading 1804 Unused Serialized files (Serialized files now loaded: 0)
System memory in use before: 98,9 MB.
System memory in use after: 98,9 MB.

Unloading 12 unused Assets to reduce memory usage. Loaded Objects now: 2488.
Total: 2,950095 ms (FindLiveObjects: 0,225518 ms CreateObjectMapping: 0,044489 ms MarkObjects: 2,552978 ms  DeleteObjects: 0,120616 ms)

AssetImportWorkerClient::OnTransportError - code=2 error=End of file
